Oct 29, 2024 8:45:51 PM INFO: com.group_finity.mascot.config.ActionRef <init> Read Action Reference(Action(Bouncing))
Oct 29, 2024 8:45:51 PM INFO: com.group_finity.mascot.config.ActionBuilder <init> Actions Finished Loading
Oct 29, 2024 8:45:51 PM INFO: com.group_finity.mascot.config.ActionBuilder <init> Read Start Operation(Action(null,Select,null))
Oct 29, 2024 8:45:51 PM INFO: com.group_finity.mascot.config.ActionRef <init> Read Action Reference(Action(DashIeCeilingLeftEdgeFromJump))
Oct 29, 2024 8:45:51 PM INFO: com.group_finity.mascot.config.ActionRef <init> Read Action Reference(Action(DashIeCeilingRightEdgeFromJump))
Oct 29, 2024 8:45:51 PM INFO: com.group_finity.mascot.config.ActionBuilder <init> Actions Finished Loading
Oct 29, 2024 8:45:51 PM INFO: com.group_finity.mascot.config.ActionRef <init> Read Action Reference(Action(Dash))
Oct 29, 2024 8:45:51 PM INFO: com.group_finity.mascot.config.ActionRef <init> Read Action Reference(Action(Tripping))
Oct 29, 2024 8:45:51 PM INFO: com.group_finity.mascot.config.ActionRef <init> Read Action Reference(Action(Dash))
Oct 29, 2024 8:45:51 PM INFO: com.group_finity.mascot.config.ActionRef <init> Read Action Reference(Action(Tripping))
Oct 29, 2024 8:45:51 PM INFO: com.group_finity.mascot.config.ActionRef <init> Read Action Reference(Action(Dash))
Oct 29, 2024 8:45:51 PM INFO: com.group_finity.mascot.config.ActionRef <init> Read Action Reference(Action(Look))
Oct 29, 2024 8:45:51 PM INFO: com.group_finity.mascot.config.ActionBuilder <init> Actions Finished Loading
Oct 29, 2024 8:45:51 PM INFO: com.group_finity.mascot.config.ActionBuilder <init> Read Start Operation(Action(PullUpShimeji1,Embedded,com.group_finity.mascot.action.Breed))
Oct 29, 2024 8:45:51 PM INFO: com.group_finity.mascot.config.AnimationBuilder <init> Start Reading Animations
Oct 29, 2024 8:45:51 PM INFO: com.group_finity.mascot.config.AnimationBuilder loadPose ReadPosition(Pose (com.group_finity.mascot.image.ImagePair@7c711375,0,0,16, null))
Oct 29, 2024 8:45:51 PM INFO: com.group_finity.mascot.config.AnimationBuilder loadPose ReadPosition(Pose (com.group_finity.mascot.image.ImagePair@1a6d8329,0,0,4, null))
Oct 29, 2024 8:45:51 PM INFO: com.group_finity.mascot.config.AnimationBuilder loadPose ReadPosition(Pose (com.group_finity.mascot.image.ImagePair@3c77d488,0,0,40, null))
Oct 29, 2024 8:45:51 PM INFO: com.group_finity.mascot.config.AnimationBuilder loadPose ReadPosition(Pose (com.group_finity.mascot.image.ImagePair@3646a422,0,0,40, null))
Oct 29, 2024 8:45:51 PM INFO: com.group_finity.mascot.config.AnimationBuilder loadPose ReadPosition(Pose (com.group_finity.mascot.image.ImagePair@298a5e20,0,0,40, null))
Oct 29, 2024 8:45:51 PM INFO: com.group_finity.mascot.config.AnimationBuilder <init> Animations Finished Loading
Oct 29, 2024 8:45:51 PM INFO: com.group_finity.mascot.config.ActionBuilder <init> Actions Finished Loading
Oct 29, 2024 8:45:51 PM INFO: com.group_finity.mascot.config.ActionBuilder <init> Read Start Operation(Action(PullUpShimeji2,Animate,null))
Oct 29, 2024 8:45:51 PM INFO: com.group_finity.mascot.config.AnimationBuilder <init> Start Reading Animations
Oct 29, 2024 8:45:51 PM INFO: com.group_finity.mascot.config.AnimationBuilder loadPose ReadPosition(Pose (com.group_finity.mascot.image.ImagePair@26d9b808,20,-20,1, null))
Oct 29, 2024 8:45:51 PM INFO: com.group_finity.mascot.config.AnimationBuilder loadPose ReadPosition(Pose (com.group_finity.mascot.image.ImagePair@26d9b808,20,-10,1, null))
Oct 29, 2024 8:45:51 PM INFO: com.group_finity.mascot.config.AnimationBuilder loadPose ReadPosition(Pose (com.group_finity.mascot.image.ImagePair@26d9b808,20,-5,1, null))
Oct 29, 2024 8:45:51 PM INFO: com.group_finity.mascot.config.AnimationBuilder <init> Animations Finished Loading
Oct 29, 2024 8:45:51 PM INFO: com.group_finity.mascot.config.ActionBuilder <init> Actions Finished Loading
Oct 29, 2024 8:45:51 PM INFO: com.group_finity.mascot.config.ActionBuilder <init> Read Start Operation(Action(PullUpClone,Sequence,null))
Oct 29, 2024 8:45:51 PM INFO: com.group_finity.mascot.config.ActionRef <init> Read Action Reference(Action(PullUpShimeji1))
Oct 29, 2024 8:45:51 PM INFO: com.group_finity.mascot.config.ActionRef <init> Read Action Reference(Action(PullUpShimeji2))
Oct 29, 2024 8:45:51 PM INFO: com.group_finity.mascot.config.ActionRef <init> Read Action Reference(Action(Falling))
Oct 29, 2024 8:45:51 PM INFO: com.group_finity.mascot.config.ActionRef <init> Read Action Reference(Action(Bouncing))
Oct 29, 2024 8:45:51 PM INFO: com.group_finity.mascot.config.ActionRef <init> Read Action Reference(Action(Sprawl))
Oct 29, 2024 8:45:51 PM INFO: com.group_finity.mascot.config.ActionBuilder <init> Actions Finished Loading
Oct 29, 2024 8:45:51 PM INFO: com.group_finity.mascot.config.ActionBuilder <init> Read Start Operation(Action(PullUp,Sequence,null))
Oct 29, 2024 8:45:51 PM INFO: com.group_finity.mascot.config.ActionRef <init> Read Action Reference(Action(Falling))
Oct 29, 2024 8:45:51 PM INFO: com.group_finity.mascot.config.ActionRef <init> Read Action Reference(Action(Bouncing))
Oct 29, 2024 8:45:51 PM INFO: com.group_finity.mascot.config.ActionBuilder <init> Actions Finished Loading
Oct 29, 2024 8:45:51 PM INFO: com.group_finity.mascot.config.Configuration load Configuration loaded successfully
Oct 29, 2024 8:45:51 PM INFO: com.group_finity.mascot.Main loadConfiguration Gura Read Behavior File (./img/Gura/conf/behaviors.xml)
Oct 29, 2024 8:45:51 PM INFO: com.group_finity.mascot.config.Configuration load Start Reading Configuration File...
Oct 29, 2024 8:45:51 PM INFO: com.group_finity.mascot.config.Configuration load Using en-US schema
Oct 29, 2024 8:45:51 PM INFO: com.group_finity.mascot.config.Configuration load Behavior List...
Oct 29, 2024 8:45:51 PM INFO: com.group_finity.mascot.config.BehaviorBuilder <init> Start Reading(Behavior(SummonBloop,0,SummonBloop))
Oct 29, 2024 8:45:51 PM INFO: com.group_finity.mascot.config.BehaviorBuilder <init> Behaviors have finished loading(Behavior(SummonBloop,0,SummonBloop))
Oct 29, 2024 8:45:51 PM INFO: com.group_finity.mascot.config.BehaviorBuilder <init> Start Reading(Behavior(ChaseMouse,0,ChaseMouse))
Oct 29, 2024 8:45:51 PM INFO: com.group_finity.mascot.config.BehaviorBuilder <init> Behaviors have finished loading(Behavior(ChaseMouse,0,ChaseMouse))
Oct 29, 2024 8:45:51 PM INFO: com.group_finity.mascot.config.BehaviorBuilder <init> Start Reading(Behavior(StareAtMouseGura,100,StareAtMouseGura))
Oct 29, 2024 8:45:51 PM INFO: com.group_finity.mascot.config.BehaviorBuilder <init> Behaviors have finished loading(Behavior(StareAtMouseGura,100,StareAtMouseGura))
Oct 29, 2024 8:45:51 PM INFO: com.group_finity.mascot.config.BehaviorBuilder <init> Start Reading(Behavior(WaveGura,200,WaveGura))
Oct 29, 2024 8:45:51 PM INFO: com.group_finity.mascot.config.BehaviorBuilder <init> Behaviors have finished loading(Behavior(WaveGura,200,WaveGura))
Oct 29, 2024 8:45:51 PM INFO: com.group_finity.mascot.config.BehaviorBuilder <init> Start Reading(Behavior(Fall,0,Fall))
Oct 29, 2024 8:45:51 PM INFO: com.group_finity.mascot.config.BehaviorBuilder <init> Behaviors have finished loading(Behavior(Fall,0,Fall))
Oct 29, 2024 8:45:51 PM INFO: com.group_finity.mascot.config.BehaviorBuilder <init> Start Reading(Behavior(Dragged,0,Dragged))
Oct 29, 2024 8:45:51 PM INFO: com.group_finity.mascot.config.BehaviorBuilder <init> Behaviors have finished loading(Behavior(Dragged,0,Dragged))
Oct 29, 2024 8:45:51 PM INFO: com.group_finity.mascot.config.BehaviorBuilder <init> Start Reading(Behavior(Thrown,0,Thrown))
Oct 29, 2024 8:45:51 PM INFO: com.group_finity.mascot.config.BehaviorBuilder <init> Behaviors have finished loading(Behavior(Thrown,0,Thrown))
Oct 29, 2024 8:45:51 PM INFO: com.group_finity.mascot.config.BehaviorBuilder <init> Start Reading(Behavior(PullUp,0,PullUp))
Oct 29, 2024 8:45:51 PM INFO: com.group_finity.mascot.config.BehaviorBuilder <init> Behaviors have finished loading(Behavior(PullUp,0,PullUp))
Oct 29, 2024 8:45:51 PM INFO: com.group_finity.mascot.config.BehaviorBuilder <init> Start Reading(Behavior(AnnoyingGuraGame,0,AnnoyingGuraGame))
Oct 29, 2024 8:45:51 PM INFO: com.group_finity.mascot.config.BehaviorBuilder <init> Behaviors have finished loading(Behavior(AnnoyingGuraGame,0,AnnoyingGuraGame))
Oct 29, 2024 8:45:51 PM INFO: com.group_finity.mascot.config.BehaviorBuilder <init> Start Reading(Behavior(AnnoyingGura5,30,AnnoyingGura5))
Oct 29, 2024 8:45:51 PM INFO: com.group_finity.mascot.config.BehaviorBuilder <init> Behaviors have finished loading(Behavior(AnnoyingGura5,30,AnnoyingGura5))
Oct 29, 2024 8:45:51 PM INFO: com.group_finity.mascot.config.BehaviorBuilder <init> Start Reading(Behavior(WaveGura,50,WaveGura))
Oct 29, 2024 8:45:51 PM INFO: com.group_finity.mascot.config.BehaviorBuilder <init> Behaviors have finished loading(Behavior(WaveGura,50,WaveGura))
Oct 29, 2024 8:45:51 PM INFO: com.group_finity.mascot.config.BehaviorBuilder <init> Start Reading(Behavior(HungryGura,0,HungryGura))
Oct 29, 2024 8:45:51 PM INFO: com.group_finity.mascot.config.BehaviorBuilder <init> Behaviors have finished loading(Behavior(HungryGura,0,HungryGura))
Oct 29, 2024 8:45:51 PM INFO: com.group_finity.mascot.config.BehaviorBuilder <init> Start Reading(Behavior(GuraHungry,0,GuraHungry))
Oct 29, 2024 8:45:51 PM INFO: com.group_finity.mascot.config.BehaviorBuilder <init> Behaviors have finished loading(Behavior(GuraHungry,0,GuraHungry))
Oct 29, 2024 8:45:51 PM INFO: com.group_finity.mascot.config.BehaviorBuilder <init> Start Reading(Behavior(StandGura,200,StandGura))
Oct 29, 2024 8:45:51 PM INFO: com.group_finity.mascot.config.BehaviorBuilder <init> Behaviors have finished loading(Behavior(StandGura,200,StandGura))
Oct 29, 2024 8:45:51 PM INFO: com.group_finity.mascot.config.BehaviorBuilder <init> Start Reading(Behavior(FloatGura,100,FloatGura))
Oct 29, 2024 8:45:51 PM INFO: com.group_finity.mascot.config.BehaviorBuilder <init> Behaviors have finished loading(Behavior(FloatGura,100,FloatGura))
Oct 29, 2024 8:45:51 PM INFO: com.group_finity.mascot.config.BehaviorBuilder <init> Start Reading(Behavior(BloopSleepAttack1,10,BloopSleepAttack1))
Oct 29, 2024 8:45:51 PM INFO: com.group_finity.mascot.config.BehaviorBuilder <init> Behaviors have finished loading(Behavior(BloopSleepAttack1,10,BloopSleepAttack1))
Oct 29, 2024 8:45:51 PM INFO: com.group_finity.mascot.config.BehaviorBuilder <init> Start Reading(Behavior(BloopSleepAttack2,20,BloopSleepAttack2))
Oct 29, 2024 8:45:51 PM INFO: com.group_finity.mascot.config.BehaviorBuilder <init> Behaviors have finished loading(Behavior(BloopSleepAttack2,20,BloopSleepAttack2))
Oct 29, 2024 8:45:51 PM INFO: com.group_finity.mascot.config.BehaviorBuilder <init> Start Reading(Behavior(BloopSleepAttack3,30,BloopSleepAttack3))
Oct 29, 2024 8:45:51 PM INFO: com.group_finity.mascot.config.BehaviorBuilder <init> Behaviors have finished loading(Behavior(BloopSleepAttack3,30,BloopSleepAttack3))
Oct 29, 2024 8:45:51 PM INFO: com.group_finity.mascot.config.BehaviorBuilder <init> Start Reading(Behavior(SitGura,100,SitGura))
Oct 29, 2024 8:45:51 PM INFO: com.group_finity.mascot.config.BehaviorBuilder <init> Behaviors have finished loading(Behavior(SitGura,100,SitGura))
Oct 29, 2024 8:45:51 PM INFO: com.group_finity.mascot.config.BehaviorBuilder <init> Start Reading(Behavior(StandStill,100,StandStill))
Oct 29, 2024 8:45:51 PM INFO: com.group_finity.mascot.config.BehaviorBuilder <init> Behaviors have finished loading(Behavior(StandStill,100,StandStill))
Oct 29, 2024 8:45:51 PM INFO: com.group_finity.mascot.config.BehaviorBuilder <init> Start Reading(Behavior(AnnoyingGura1,40,AnnoyingGura1))
Oct 29, 2024 8:45:51 PM INFO: com.group_finity.mascot.config.BehaviorBuilder <init> Behaviors have finished loading(Behavior(AnnoyingGura1,40,AnnoyingGura1))
Oct 29, 2024 8:45:51 PM INFO: com.group_finity.mascot.config.BehaviorBuilder <init> Start Reading(Behavior(AnnoyingGura2,50,AnnoyingGura2))
Oct 29, 2024 8:45:51 PM INFO: com.group_finity.mascot.config.BehaviorBuilder <init> Behaviors have finished loading(Behavior(AnnoyingGura2,50,AnnoyingGura2))
Oct 29, 2024 8:45:51 PM INFO: com.group_finity.mascot.config.BehaviorBuilder <init> Start Reading(Behavior(AnnoyingGura3,60,AnnoyingGura3))
Oct 29, 2024 8:45:51 PM INFO: com.group_finity.mascot.config.BehaviorBuilder <init> Behaviors have finished loading(Behavior(AnnoyingGura3,60,AnnoyingGura3))
Oct 29, 2024 8:45:51 PM INFO: com.group_finity.mascot.config.BehaviorBuilder <init> Start Reading(Behavior(AnnoyingGura4,70,AnnoyingGura4))
Oct 29, 2024 8:45:51 PM INFO: com.group_finity.mascot.config.BehaviorBuilder <init> Behaviors have finished loading(Behavior(AnnoyingGura4,70,AnnoyingGura4))
Oct 29, 2024 8:45:51 PM INFO: com.group_finity.mascot.config.BehaviorBuilder <init> Start Reading(Behavior(MakeGuraSleep,200,MakeGuraSleep))
Oct 29, 2024 8:45:51 PM INFO: com.group_finity.mascot.config.BehaviorBuilder <init> Behaviors have finished loading(Behavior(MakeGuraSleep,200,MakeGuraSleep))
Oct 29, 2024 8:45:51 PM INFO: com.group_finity.mascot.config.BehaviorBuilder <init> Start Reading(Behavior(HoldOntoWall,100,HoldOntoWall))
Oct 29, 2024 8:45:51 PM INFO: com.group_finity.mascot.config.BehaviorBuilder <init> Behaviors have finished loading(Behavior(HoldOntoWall,100,HoldOntoWall))
Oct 29, 2024 8:45:51 PM INFO: com.group_finity.mascot.config.BehaviorBuilder <init> Start Reading(Behavior(FallFromWall,50,FallFromWall))
Oct 29, 2024 8:45:51 PM INFO: com.group_finity.mascot.config.BehaviorBuilder <init> Behaviors have finished loading(Behavior(FallFromWall,50,FallFromWall))
Oct 29, 2024 8:45:51 PM INFO: com.group_finity.mascot.config.BehaviorBuilder <init> Start Reading(Behavior(HoldOntoCeiling,100,HoldOntoCeiling))
Oct 29, 2024 8:45:51 PM INFO: com.group_finity.mascot.config.BehaviorBuilder <init> Behaviors have finished loading(Behavior(HoldOntoCeiling,100,HoldOntoCeiling))
Oct 29, 2024 8:45:51 PM INFO: com.group_finity.mascot.config.BehaviorBuilder <init> Start Reading(Behavior(FallFromCeiling,50,FallFromCeiling))
Oct 29, 2024 8:45:51 PM INFO: com.group_finity.mascot.config.BehaviorBuilder <init> Behaviors have finished loading(Behavior(FallFromCeiling,50,FallFromCeiling))
Oct 29, 2024 8:45:51 PM INFO: com.group_finity.mascot.config.BehaviorBuilder <init> Start Reading(Behavior(WalkAlongWorkAreaFloor,100,WalkAlongWorkAreaFloor))
Oct 29, 2024 8:45:51 PM INFO: com.group_finity.mascot.config.BehaviorBuilder <init> Behaviors have finished loading(Behavior(WalkAlongWorkAreaFloor,100,WalkAlongWorkAreaFloor))
Oct 29, 2024 8:45:51 PM INFO: com.group_finity.mascot.config.BehaviorBuilder <init> Start Reading(Behavior(RunAlongWorkAreaFloor,100,RunAlongWorkAreaFloor))
Oct 29, 2024 8:45:51 PM INFO: com.group_finity.mascot.config.BehaviorBuilder <init> Behaviors have finished loading(Behavior(RunAlongWorkAreaFloor,100,RunAlongWorkAreaFloor))
Oct 29, 2024 8:45:51 PM INFO: com.group_finity.mascot.config.BehaviorBuilder <init> Start Reading(Behavior(CrawlAlongWorkAreaFloor,10,CrawlAlongWorkAreaFloor))
Oct 29, 2024 8:45:51 PM INFO: com.group_finity.mascot.config.BehaviorBuilder <init> Behaviors have finished loading(Behavior(CrawlAlongWorkAreaFloor,10,CrawlAlongWorkAreaFloor))
Oct 29, 2024 8:45:51 PM INFO: com.group_finity.mascot.config.BehaviorBuilder <init> Start Reading(Behavior(WalkLeftAlongFloorAndSit,200,WalkLeftAlongFloorAndSit))
Oct 29, 2024 8:45:51 PM INFO: com.group_finity.mascot.config.BehaviorBuilder <init> Behaviors have finished loading(Behavior(WalkLeftAlongFloorAndSit,200,WalkLeftAlongFloorAndSit))
Oct 29, 2024 8:45:51 PM INFO: com.group_finity.mascot.config.BehaviorBuilder <init> Start Reading(Behavior(WalkLeftAlongFloorAndSleep,100,WalkLeftAlongFloorAndSleep))
Oct 29, 2024 8:45:51 PM INFO: com.group_finity.mascot.config.BehaviorBuilder <init> Behaviors have finished loading(Behavior(WalkLeftAlongFloorAndSleep,100,WalkLeftAlongFloorAndSleep))
Oct 29, 2024 8:45:51 PM INFO: com.group_finity.mascot.config.BehaviorBuilder <init> Start Reading(Behavior(WalkRightAlongFloorAndSit,200,WalkRightAlongFloorAndSit))
Oct 29, 2024 8:45:51 PM INFO: com.group_finity.mascot.config.BehaviorBuilder <init> Behaviors have finished loading(Behavior(WalkRightAlongFloorAndSit,200,WalkRightAlongFloorAndSit))
Oct 29, 2024 8:45:51 PM INFO: com.group_finity.mascot.config.BehaviorBuilder <init> Start Reading(Behavior(WalkRightAlongFloorAndSitTalk1,50,WalkRightAlongFloorAndSitTalk1))
Oct 29, 2024 8:45:51 PM INFO: com.group_finity.mascot.config.BehaviorBuilder <init> Behaviors have finished loading(Behavior(WalkRightAlongFloorAndSitTalk1,50,WalkRightAlongFloorAndSitTalk1))
Oct 29, 2024 8:45:51 PM INFO: com.group_finity.mascot.config.BehaviorBuilder <init> Start Reading(Behavior(WalkRightAlongFloorAndSleep,100,WalkRightAlongFloorAndSleep))
Oct 29, 2024 8:45:51 PM INFO: com.group_finity.mascot.config.BehaviorBuilder <init> Behaviors have finished loading(Behavior(WalkRightAlongFloorAndSleep,100,WalkRightAlongFloorAndSleep))
Oct 29, 2024 8:45:51 PM INFO: com.group_finity.mascot.config.BehaviorBuilder <init> Start Reading(Behavior(GrabWorkAreaBottomLeftWall,100,GrabWorkAreaBottomLeftWall))
Oct 29, 2024 8:45:51 PM INFO: com.group_finity.mascot.config.BehaviorBuilder <init> Behaviors have finished loading(Behavior(GrabWorkAreaBottomLeftWall,100,GrabWorkAreaBottomLeftWall))
Oct 29, 2024 8:45:51 PM INFO: com.group_finity.mascot.config.BehaviorBuilder <init> Start Reading(Behavior(GrabWorkAreaBottomRightWall,100,GrabWorkAreaBottomRightWall))
Oct 29, 2024 8:45:51 PM INFO: com.group_finity.mascot.config.BehaviorBuilder <init> Behaviors have finished loading(Behavior(GrabWorkAreaBottomRightWall,100,GrabWorkAreaBottomRightWall))
Oct 29, 2024 8:45:51 PM INFO: com.group_finity.mascot.config.BehaviorBuilder <init> Start Reading(Behavior(WalkLeftAndSit,100,WalkLeftAndSit))
Oct 29, 2024 8:45:51 PM INFO: com.group_finity.mascot.config.BehaviorBuilder <init> Behaviors have finished loading(Behavior(WalkLeftAndSit,100,WalkLeftAndSit))
Oct 29, 2024 8:45:51 PM INFO: com.group_finity.mascot.config.BehaviorBuilder <init> Start Reading(Behavior(WalkLeftAndSleep,100,WalkLeftAndSleep))
Oct 29, 2024 8:45:51 PM INFO: com.group_finity.mascot.config.BehaviorBuilder <init> Behaviors have finished loading(Behavior(WalkLeftAndSleep,100,WalkLeftAndSleep))
Oct 29, 2024 8:45:51 PM INFO: com.group_finity.mascot.config.BehaviorBuilder <init> Start Reading(Behavior(WalkRightAndSit,100,WalkRightAndSit))
Oct 29, 2024 8:45:51 PM INFO: com.group_finity.mascot.config.BehaviorBuilder <init> Behaviors have finished loading(Behavior(WalkRightAndSit,100,WalkRightAndSit))
Oct 29, 2024 8:45:51 PM INFO: com.group_finity.mascot.config.BehaviorBuilder <init> Start Reading(Behavior(WalkRightAndSleep,100,WalkRightAndSleep))
Oct 29, 2024 8:45:51 PM INFO: com.group_finity.mascot.config.BehaviorBuilder <init> Behaviors have finished loading(Behavior(WalkRightAndSleep,100,WalkRightAndSleep))
Oct 29, 2024 8:45:51 PM INFO: com.group_finity.mascot.config.BehaviorBuilder <init> Start Reading(Behavior(WalkAndGrabBottomLeftWall,100,WalkAndGrabBottomLeftWall))
Oct 29, 2024 8:45:51 PM INFO: com.group_finity.mascot.config.BehaviorBuilder <init> Behaviors have finished loading(Behavior(WalkAndGrabBottomLeftWall,100,WalkAndGrabBottomLeftWall))
Oct 29, 2024 8:45:51 PM INFO: com.group_finity.mascot.config.BehaviorBuilder <init> Start Reading(Behavior(WalkAndGrabBottomRightWall,100,WalkAndGrabBottomRightWall))
Oct 29, 2024 8:45:51 PM INFO: com.group_finity.mascot.config.BehaviorBuilder <init> Behaviors have finished loading(Behavior(WalkAndGrabBottomRightWall,100,WalkAndGrabBottomRightWall))
Oct 29, 2024 8:45:51 PM INFO: com.group_finity.mascot.config.BehaviorBuilder <init> Start Reading(Behavior(JumpFromBottomOfIE,50,JumpFromBottomOfIE))
Oct 29, 2024 8:45:51 PM INFO: com.group_finity.mascot.config.BehaviorBuilder <init> Behaviors have finished loading(Behavior(JumpFromBottomOfIE,50,JumpFromBottomOfIE))
Oct 29, 2024 8:45:51 PM INFO: com.group_finity.mascot.config.BehaviorBuilder <init> Start Reading(Behavior(ClimbHalfwayAlongWall,30,ClimbHalfwayAlongWall))
Oct 29, 2024 8:45:51 PM INFO: com.group_finity.mascot.config.BehaviorBuilder <init> Behaviors have finished loading(Behavior(ClimbHalfwayAlongWall,30,ClimbHalfwayAlongWall))
Oct 29, 2024 8:45:51 PM INFO: com.group_finity.mascot.config.BehaviorBuilder <init> Start Reading(Behavior(ClimbAlongWall,100,ClimbAlongWall))
Oct 29, 2024 8:45:51 PM INFO: com.group_finity.mascot.config.BehaviorBuilder <init> Behaviors have finished loading(Behavior(ClimbAlongWall,100,ClimbAlongWall))
Oct 29, 2024 8:45:51 PM INFO: com.group_finity.mascot.config.BehaviorBuilder <init> Start Reading(Behavior(ClimbAlongCeiling,50,ClimbAlongCeiling))
Oct 29, 2024 8:45:51 PM INFO: com.group_finity.mascot.config.BehaviorBuilder <init> Behaviors have finished loading(Behavior(ClimbAlongCeiling,50,ClimbAlongCeiling))
Oct 29, 2024 8:45:51 PM INFO: com.group_finity.mascot.config.BehaviorBuilder <init> Start Reading(Behavior(WalkAlongIECeiling,100,WalkAlongIECeiling))
Oct 29, 2024 8:45:51 PM INFO: com.group_finity.mascot.config.BehaviorBuilder <init> Behaviors have finished loading(Behavior(WalkAlongIECeiling,100,WalkAlongIECeiling))
Oct 29, 2024 8:45:51 PM INFO: com.group_finity.mascot.config.BehaviorBuilder <init> Start Reading(Behavior(RunAlongIECeiling,100,RunAlongIECeiling))
Oct 29, 2024 8:45:51 PM INFO: com.group_finity.mascot.config.BehaviorBuilder <init> Behaviors have finished loading(Behavior(RunAlongIECeiling,100,RunAlongIECeiling))
Oct 29, 2024 8:45:51 PM INFO: com.group_finity.mascot.config.BehaviorBuilder <init> Start Reading(Behavior(CrawlAlongIECeiling,10,CrawlAlongIECeiling))
Oct 29, 2024 8:45:51 PM INFO: com.group_finity.mascot.config.BehaviorBuilder <init> Behaviors have finished loading(Behavior(CrawlAlongIECeiling,10,CrawlAlongIECeiling))
Oct 29, 2024 8:45:51 PM INFO: com.group_finity.mascot.config.BehaviorBuilder <init> Start Reading(Behavior(SitOnTheLeftEdgeOfIE,100,SitOnTheLeftEdgeOfIE))
Oct 29, 2024 8:45:51 PM INFO: com.group_finity.mascot.config.BehaviorBuilder <init> Behaviors have finished loading(Behavior(SitOnTheLeftEdgeOfIE,100,SitOnTheLeftEdgeOfIE))
Oct 29, 2024 8:45:51 PM INFO: com.group_finity.mascot.config.BehaviorBuilder <init> Start Reading(Behavior(SitOnTheRightEdgeOfIE,100,SitOnTheRightEdgeOfIE))
Oct 29, 2024 8:45:51 PM INFO: com.group_finity.mascot.config.BehaviorBuilder <init> Behaviors have finished loading(Behavior(SitOnTheRightEdgeOfIE,100,SitOnTheRightEdgeOfIE))
Oct 29, 2024 8:45:51 PM INFO: com.group_finity.mascot.config.BehaviorBuilder <init> Start Reading(Behavior(JumpFromLeftEdgeOfIE,100,JumpFromLeftEdgeOfIE))
Oct 29, 2024 8:45:51 PM INFO: com.group_finity.mascot.config.BehaviorBuilder <init> Behaviors have finished loading(Behavior(JumpFromLeftEdgeOfIE,100,JumpFromLeftEdgeOfIE))
Oct 29, 2024 8:45:51 PM INFO: com.group_finity.mascot.config.BehaviorBuilder <init> Start Reading(Behavior(JumpFromRightEdgeOfIE,100,JumpFromRightEdgeOfIE))
Oct 29, 2024 8:45:51 PM INFO: com.group_finity.mascot.config.BehaviorBuilder <init> Behaviors have finished loading(Behavior(JumpFromRightEdgeOfIE,100,JumpFromRightEdgeOfIE))
Oct 29, 2024 8:45:51 PM INFO: com.group_finity.mascot.config.BehaviorBuilder <init> Start Reading(Behavior(WalkLeftAlongIEAndSit,100,WalkLeftAlongIEAndSit))
Oct 29, 2024 8:45:51 PM INFO: com.group_finity.mascot.config.BehaviorBuilder <init> Behaviors have finished loading(Behavior(WalkLeftAlongIEAndSit,100,WalkLeftAlongIEAndSit))
Oct 29, 2024 8:45:51 PM INFO: com.group_finity.mascot.config.BehaviorBuilder <init> Start Reading(Behavior(WalkRightAlongIEAndSit,100,WalkRightAlongIEAndSit))
Oct 29, 2024 8:45:51 PM INFO: com.group_finity.mascot.config.BehaviorBuilder <init> Behaviors have finished loading(Behavior(WalkRightAlongIEAndSit,100,WalkRightAlongIEAndSit))
Oct 29, 2024 8:45:51 PM INFO: com.group_finity.mascot.config.BehaviorBuilder <init> Start Reading(Behavior(WalkLeftAlongIEAndJump,100,WalkLeftAlongIEAndJump))
Oct 29, 2024 8:45:51 PM INFO: com.group_finity.mascot.config.BehaviorBuilder <init> Behaviors have finished loading(Behavior(WalkLeftAlongIEAndJump,100,WalkLeftAlongIEAndJump))
Oct 29, 2024 8:45:51 PM INFO: com.group_finity.mascot.config.BehaviorBuilder <init> Start Reading(Behavior(WalkRightAlongIEAndJump,100,WalkRightAlongIEAndJump))
Oct 29, 2024 8:45:51 PM INFO: com.group_finity.mascot.config.BehaviorBuilder <init> Behaviors have finished loading(Behavior(WalkRightAlongIEAndJump,100,WalkRightAlongIEAndJump))
Oct 29, 2024 8:45:51 PM INFO: com.group_finity.mascot.config.BehaviorBuilder <init> Start Reading(Behavior(HoldOntoIEWall,100,HoldOntoIEWall))
Oct 29, 2024 8:45:51 PM INFO: com.group_finity.mascot.config.BehaviorBuilder <init> Behaviors have finished loading(Behavior(HoldOntoIEWall,100,HoldOntoIEWall))
Oct 29, 2024 8:45:51 PM INFO: com.group_finity.mascot.config.BehaviorBuilder <init> Start Reading(Behavior(ClimbIEWall,100,ClimbIEWall))
Oct 29, 2024 8:45:51 PM INFO: com.group_finity.mascot.config.BehaviorBuilder <init> Behaviors have finished loading(Behavior(ClimbIEWall,100,ClimbIEWall))
Oct 29, 2024 8:45:51 PM INFO: com.group_finity.mascot.config.BehaviorBuilder <init> Start Reading(Behavior(ClimbIEBottom,100,ClimbIEBottom))
Oct 29, 2024 8:45:51 PM INFO: com.group_finity.mascot.config.BehaviorBuilder <init> Behaviors have finished loading(Behavior(ClimbIEBottom,100,ClimbIEBottom))
Oct 29, 2024 8:45:51 PM INFO: com.group_finity.mascot.config.BehaviorBuilder <init> Start Reading(Behavior(GrabIEBottomLeftWall,100,GrabIEBottomLeftWall))
Oct 29, 2024 8:45:51 PM INFO: com.group_finity.mascot.config.BehaviorBuilder <init> Behaviors have finished loading(Behavior(GrabIEBottomLeftWall,100,GrabIEBottomLeftWall))
Oct 29, 2024 8:45:51 PM INFO: com.group_finity.mascot.config.BehaviorBuilder <init> Start Reading(Behavior(GrabIEBottomRightWall,100,GrabIEBottomRightWall))
Oct 29, 2024 8:45:51 PM INFO: com.group_finity.mascot.config.BehaviorBuilder <init> Behaviors have finished loading(Behavior(GrabIEBottomRightWall,100,GrabIEBottomRightWall))
Oct 29, 2024 8:45:51 PM INFO: com.group_finity.mascot.config.BehaviorBuilder <init> Start Reading(Behavior(JumpFromLeftWall,50,JumpFromLeftWall))
Oct 29, 2024 8:45:51 PM INFO: com.group_finity.mascot.config.BehaviorBuilder <init> Behaviors have finished loading(Behavior(JumpFromLeftWall,50,JumpFromLeftWall))
Oct 29, 2024 8:45:51 PM INFO: com.group_finity.mascot.config.BehaviorBuilder <init> Start Reading(Behavior(JumpFromRightWall,50,JumpFromRightWall))
Oct 29, 2024 8:45:51 PM INFO: com.group_finity.mascot.config.BehaviorBuilder <init> Behaviors have finished loading(Behavior(JumpFromRightWall,50,JumpFromRightWall))
Oct 29, 2024 8:45:51 PM INFO: com.group_finity.mascot.config.BehaviorBuilder <init> Start Reading(Behavior(JumpOnIELeftWall,50,JumpOnIELeftWall))
Oct 29, 2024 8:45:51 PM INFO: com.group_finity.mascot.config.BehaviorBuilder <init> Behaviors have finished loading(Behavior(JumpOnIELeftWall,50,JumpOnIELeftWall))
Oct 29, 2024 8:45:51 PM INFO: com.group_finity.mascot.config.BehaviorBuilder <init> Start Reading(Behavior(JumpOnIERightWall,50,JumpOnIERightWall))
Oct 29, 2024 8:45:51 PM INFO: com.group_finity.mascot.config.BehaviorBuilder <init> Behaviors have finished loading(Behavior(JumpOnIERightWall,50,JumpOnIERightWall))
Oct 29, 2024 8:45:51 PM INFO: com.group_finity.mascot.config.BehaviorBuilder <init> Start Reading(Behavior(ThrowIEFromLeft,20,ThrowIEFromLeft))
Oct 29, 2024 8:45:51 PM INFO: com.group_finity.mascot.config.BehaviorBuilder <init> Behaviors have finished loading(Behavior(ThrowIEFromLeft,20,ThrowIEFromLeft))
Oct 29, 2024 8:45:51 PM INFO: com.group_finity.mascot.config.BehaviorBuilder <init> Start Reading(Behavior(ThrowIEFromRight,20,ThrowIEFromRight))
Oct 29, 2024 8:45:51 PM INFO: com.group_finity.mascot.config.BehaviorBuilder <init> Behaviors have finished loading(Behavior(ThrowIEFromRight,20,ThrowIEFromRight))
Oct 29, 2024 8:45:51 PM INFO: com.group_finity.mascot.config.BehaviorBuilder <init> Start Reading(Behavior(WalkAndThrowIEFromRight,20,WalkAndThrowIEFromRight))
Oct 29, 2024 8:45:51 PM INFO: com.group_finity.mascot.config.BehaviorBuilder <init> Behaviors have finished loading(Behavior(WalkAndThrowIEFromRight,20,WalkAndThrowIEFromRight))
Oct 29, 2024 8:45:51 PM INFO: com.group_finity.mascot.config.BehaviorBuilder <init> Start Reading(Behavior(WalkAndThrowIEFromLeft,20,WalkAndThrowIEFromLeft))
Oct 29, 2024 8:45:51 PM INFO: com.group_finity.mascot.config.BehaviorBuilder <init> Behaviors have finished loading(Behavior(WalkAndThrowIEFromLeft,20,WalkAndThrowIEFromLeft))
Oct 29, 2024 8:45:51 PM INFO: com.group_finity.mascot.config.Configuration load Configuration loaded successfully
Oct 29, 2024 8:45:51 PM INFO: com.group_finity.mascot.Main createTrayIcon create a tray icon
Oct 29, 2024 8:45:51 PM INFO: com.group_finity.mascot.Main createMascot create a mascot
Oct 29, 2024 8:45:51 PM INFO: com.group_finity.mascot.Mascot <init> Created a mascot (mascot1)
Oct 29, 2024 8:45:52 PM INFO: com.group_finity.mascot.behavior.UserBehavior init Default Behavior(mascot1,Behavior(StareAtMouseGura))
Oct 29, 2024 8:45:52 PM INFO: com.group_finity.mascot.action.Stay tick Lost Ground (mascot1,Action (Stay,SitAndLookAtMouse))
Oct 29, 2024 8:45:52 PM INFO: com.group_finity.mascot.behavior.UserBehavior next Lost Ground (mascot1,Behavior(StareAtMouseGura))
Oct 29, 2024 8:45:52 PM INFO: com.group_finity.mascot.behavior.UserBehavior init Default Behavior(mascot1,Behavior(Fall))
Oct 29, 2024 8:45:52 PM INFO: com.group_finity.mascot.behavior.UserBehavior next Out of the screen bounds(mascot1,Behavior(Fall))
Oct 29, 2024 8:45:52 PM INFO: com.group_finity.mascot.behavior.UserBehavior init Default Behavior(mascot1,Behavior(Fall))
Oct 29, 2024 8:46:03 PM INFO: com.group_finity.mascot.behavior.UserBehavior next Completed Behavior (mascot1,Behavior(Fall))
Oct 29, 2024 8:46:03 PM INFO: com.group_finity.mascot.behavior.UserBehavior init Default Behavior(mascot1,Behavior(StandStill))
Oct 29, 2024 8:46:38 PM INFO: com.group_finity.mascot.behavior.UserBehavior next Completed Behavior (mascot1,Behavior(StandStill))
Oct 29, 2024 8:46:38 PM INFO: com.group_finity.mascot.behavior.UserBehavior init Default Behavior(mascot1,Behavior(AnnoyingGura1))
Oct 29, 2024 8:46:42 PM INFO: com.group_finity.mascot.behavior.UserBehavior init Default Behavior(mascot1,Behavior(Dragged))
Oct 29, 2024 8:46:42 PM INFO: com.group_finity.mascot.behavior.UserBehavior init Default Behavior(mascot1,Behavior(Thrown))
Oct 29, 2024 8:46:43 PM INFO: com.group_finity.mascot.behavior.UserBehavior init Default Behavior(mascot1,Behavior(Dragged))
Oct 29, 2024 8:46:44 PM INFO: com.group_finity.mascot.behavior.UserBehavior init Default Behavior(mascot1,Behavior(Thrown))
Oct 29, 2024 8:46:45 PM INFO: com.group_finity.mascot.behavior.UserBehavior init Default Behavior(mascot1,Behavior(Dragged))
Oct 29, 2024 8:46:45 PM INFO: com.group_finity.mascot.behavior.UserBehavior init Default Behavior(mascot1,Behavior(Thrown))
Oct 29, 2024 8:46:46 PM INFO: com.group_finity.mascot.behavior.UserBehavior init Default Behavior(mascot1,Behavior(Dragged))
Oct 29, 2024 8:46:46 PM INFO: com.group_finity.mascot.behavior.UserBehavior init Default Behavior(mascot1,Behavior(Thrown))
Oct 29, 2024 8:46:47 PM INFO: com.group_finity.mascot.behavior.UserBehavior init Default Behavior(mascot1,Behavior(Dragged))
Oct 29, 2024 8:46:47 PM INFO: com.group_finity.mascot.behavior.UserBehavior init Default Behavior(mascot1,Behavior(Thrown))
Oct 29, 2024 8:46:47 PM INFO: com.group_finity.mascot.behavior.UserBehavior init Default Behavior(mascot1,Behavior(Dragged))
Oct 29, 2024 8:46:47 PM INFO: com.group_finity.mascot.behavior.UserBehavior init Default Behavior(mascot1,Behavior(Thrown))
Oct 29, 2024 8:46:48 PM INFO: com.group_finity.mascot.behavior.UserBehavior init Default Behavior(mascot1,Behavior(Dragged))
Oct 29, 2024 8:46:48 PM INFO: com.group_finity.mascot.behavior.UserBehavior init Default Behavior(mascot1,Behavior(Thrown))
Oct 29, 2024 8:46:49 PM INFO: com.group_finity.mascot.behavior.UserBehavior init Default Behavior(mascot1,Behavior(Dragged))
Oct 29, 2024 8:46:49 PM INFO: com.group_finity.mascot.behavior.UserBehavior init Default Behavior(mascot1,Behavior(Thrown))
Oct 29, 2024 8:46:49 PM INFO: com.group_finity.mascot.behavior.UserBehavior init Default Behavior(mascot1,Behavior(Dragged))
Oct 29, 2024 8:46:49 PM INFO: com.group_finity.mascot.behavior.UserBehavior init Default Behavior(mascot1,Behavior(Thrown))
Oct 29, 2024 8:46:49 PM INFO: com.group_finity.mascot.behavior.UserBehavior init Default Behavior(mascot1,Behavior(Dragged))
Oct 29, 2024 8:46:50 PM INFO: com.group_finity.mascot.behavior.UserBehavior init Default Behavior(mascot1,Behavior(Thrown))
Oct 29, 2024 8:46:50 PM INFO: com.group_finity.mascot.behavior.UserBehavior init Default Behavior(mascot1,Behavior(Dragged))
Oct 29, 2024 8:46:50 PM INFO: com.group_finity.mascot.behavior.UserBehavior init Default Behavior(mascot1,Behavior(Thrown))
Oct 29, 2024 8:46:50 PM INFO: com.group_finity.mascot.behavior.UserBehavior init Default Behavior(mascot1,Behavior(Dragged))
Oct 29, 2024 8:46:50 PM INFO: com.group_finity.mascot.behavior.UserBehavior init Default Behavior(mascot1,Behavior(Thrown))
Oct 29, 2024 8:46:50 PM INFO: com.group_finity.mascot.behavior.UserBehavior init Default Behavior(mascot1,Behavior(Dragged))
Oct 29, 2024 8:46:51 PM INFO: com.group_finity.mascot.behavior.UserBehavior init Default Behavior(mascot1,Behavior(Thrown))
Oct 29, 2024 8:46:51 PM INFO: com.group_finity.mascot.behavior.UserBehavior init Default Behavior(mascot1,Behavior(Dragged))
Oct 29, 2024 8:46:51 PM INFO: com.group_finity.mascot.behavior.UserBehavior init Default Behavior(mascot1,Behavior(Thrown))
Oct 29, 2024 8:46:51 PM INFO: com.group_finity.mascot.behavior.UserBehavior init Default Behavior(mascot1,Behavior(Dragged))
Oct 29, 2024 8:46:51 PM INFO: com.group_finity.mascot.behavior.UserBehavior init Default Behavior(mascot1,Behavior(Thrown))
Oct 29, 2024 8:46:51 PM INFO: com.group_finity.mascot.behavior.UserBehavior init Default Behavior(mascot1,Behavior(Dragged))
Oct 29, 2024 8:46:52 PM INFO: com.group_finity.mascot.behavior.UserBehavior init Default Behavior(mascot1,Behavior(Thrown))
Oct 29, 2024 8:46:52 PM INFO: com.group_finity.mascot.behavior.UserBehavior init Default Behavior(mascot1,Behavior(Dragged))
Oct 29, 2024 8:46:52 PM INFO: com.group_finity.mascot.behavior.UserBehavior init Default Behavior(mascot1,Behavior(Thrown))
Oct 29, 2024 8:46:52 PM INFO: com.group_finity.mascot.behavior.UserBehavior init Default Behavior(mascot1,Behavior(Dragged))
Oct 29, 2024 8:46:52 PM INFO: com.group_finity.mascot.behavior.UserBehavior init Default Behavior(mascot1,Behavior(Thrown))
Oct 29, 2024 8:46:52 PM INFO: com.group_finity.mascot.behavior.UserBehavior init Default Behavior(mascot1,Behavior(Dragged))
Oct 29, 2024 8:46:53 PM INFO: com.group_finity.mascot.behavior.UserBehavior init Default Behavior(mascot1,Behavior(Thrown))
Oct 29, 2024 8:46:53 PM INFO: com.group_finity.mascot.behavior.UserBehavior init Default Behavior(mascot1,Behavior(Dragged))
Oct 29, 2024 8:46:53 PM INFO: com.group_finity.mascot.behavior.UserBehavior init Default Behavior(mascot1,Behavior(Thrown))
Oct 29, 2024 8:46:53 PM INFO: com.group_finity.mascot.behavior.UserBehavior init Default Behavior(mascot1,Behavior(Dragged))
Oct 29, 2024 8:46:53 PM INFO: com.group_finity.mascot.behavior.UserBehavior init Default Behavior(mascot1,Behavior(Thrown))
Oct 29, 2024 8:46:53 PM INFO: com.group_finity.mascot.behavior.UserBehavior init Default Behavior(mascot1,Behavior(Dragged))
Oct 29, 2024 8:46:53 PM INFO: com.group_finity.mascot.behavior.UserBehavior init Default Behavior(mascot1,Behavior(Thrown))
Oct 29, 2024 8:46:54 PM INFO: com.group_finity.mascot.behavior.UserBehavior init Default Behavior(mascot1,Behavior(Dragged))
Oct 29, 2024 8:46:54 PM INFO: com.group_finity.mascot.behavior.UserBehavior init Default Behavior(mascot1,Behavior(Thrown))
Oct 29, 2024 8:46:54 PM INFO: com.group_finity.mascot.behavior.UserBehavior init Default Behavior(mascot1,Behavior(Dragged))
Oct 29, 2024 8:46:54 PM INFO: com.group_finity.mascot.behavior.UserBehavior init Default Behavior(mascot1,Behavior(Thrown))
Oct 29, 2024 8:46:54 PM INFO: com.group_finity.mascot.behavior.UserBehavior init Default Behavior(mascot1,Behavior(Dragged))
Oct 29, 2024 8:46:54 PM INFO: com.group_finity.mascot.behavior.UserBehavior init Default Behavior(mascot1,Behavior(Thrown))
Oct 29, 2024 8:46:55 PM INFO: com.group_finity.mascot.behavior.UserBehavior init Default Behavior(mascot1,Behavior(Dragged))
Oct 29, 2024 8:46:55 PM INFO: com.group_finity.mascot.behavior.UserBehavior init Default Behavior(mascot1,Behavior(Thrown))
Oct 29, 2024 8:46:55 PM INFO: com.group_finity.mascot.behavior.UserBehavior init Default Behavior(mascot1,Behavior(Dragged))
Oct 29, 2024 8:46:55 PM INFO: com.group_finity.mascot.behavior.UserBehavior init Default Behavior(mascot1,Behavior(Thrown))
Oct 29, 2024 8:46:55 PM INFO: com.group_finity.mascot.behavior.UserBehavior init Default Behavior(mascot1,Behavior(Dragged))
Oct 29, 2024 8:46:55 PM INFO: com.group_finity.mascot.behavior.UserBehavior init Default Behavior(mascot1,Behavior(Thrown))
Oct 29, 2024 8:46:56 PM INFO: com.group_finity.mascot.behavior.UserBehavior init Default Behavior(mascot1,Behavior(Dragged))
Oct 29, 2024 8:46:56 PM INFO: com.group_finity.mascot.behavior.UserBehavior init Default Behavior(mascot1,Behavior(Thrown))
Oct 29, 2024 8:46:56 PM INFO: com.group_finity.mascot.behavior.UserBehavior init Default Behavior(mascot1,Behavior(Dragged))
Oct 29, 2024 8:46:56 PM INFO: com.group_finity.mascot.behavior.UserBehavior init Default Behavior(mascot1,Behavior(Thrown))
Oct 29, 2024 8:46:56 PM INFO: com.group_finity.mascot.behavior.UserBehavior init Default Behavior(mascot1,Behavior(Dragged))
Oct 29, 2024 8:46:56 PM INFO: com.group_finity.mascot.behavior.UserBehavior init Default Behavior(mascot1,Behavior(Thrown))
Oct 29, 2024 8:46:56 PM INFO: com.group_finity.mascot.behavior.UserBehavior init Default Behavior(mascot1,Behavior(Dragged))
Oct 29, 2024 8:46:57 PM INFO: com.group_finity.mascot.behavior.UserBehavior init Default Behavior(mascot1,Behavior(Thrown))
Oct 29, 2024 8:46:57 PM INFO: com.group_finity.mascot.behavior.UserBehavior init Default Behavior(mascot1,Behavior(Dragged))
Oct 29, 2024 8:46:57 PM INFO: com.group_finity.mascot.behavior.UserBehavior init Default Behavior(mascot1,Behavior(Thrown))
Oct 29, 2024 8:46:57 PM INFO: com.group_finity.mascot.behavior.UserBehavior init Default Behavior(mascot1,Behavior(Dragged))
Oct 29, 2024 8:46:57 PM INFO: com.group_finity.mascot.behavior.UserBehavior init Default Behavior(mascot1,Behavior(Thrown))
Oct 29, 2024 8:46:57 PM INFO: com.group_finity.mascot.behavior.UserBehavior init Default Behavior(mascot1,Behavior(Dragged))
Oct 29, 2024 8:46:58 PM INFO: com.group_finity.mascot.behavior.UserBehavior init Default Behavior(mascot1,Behavior(Thrown))
Oct 29, 2024 8:46:58 PM INFO: com.group_finity.mascot.behavior.UserBehavior init Default Behavior(mascot1,Behavior(Dragged))
Oct 29, 2024 8:46:58 PM INFO: com.group_finity.mascot.behavior.UserBehavior init Default Behavior(mascot1,Behavior(Thrown))
Oct 29, 2024 8:46:58 PM INFO: com.group_finity.mascot.behavior.UserBehavior init Default Behavior(mascot1,Behavior(Dragged))
Oct 29, 2024 8:46:58 PM INFO: com.group_finity.mascot.behavior.UserBehavior init Default Behavior(mascot1,Behavior(Thrown))
Oct 29, 2024 8:46:58 PM INFO: com.group_finity.mascot.behavior.UserBehavior init Default Behavior(mascot1,Behavior(Dragged))
Oct 29, 2024 8:46:58 PM INFO: com.group_finity.mascot.behavior.UserBehavior init Default Behavior(mascot1,Behavior(Thrown))
Oct 29, 2024 8:46:59 PM INFO: com.group_finity.mascot.behavior.UserBehavior init Default Behavior(mascot1,Behavior(Dragged))
Oct 29, 2024 8:46:59 PM INFO: com.group_finity.mascot.behavior.UserBehavior init Default Behavior(mascot1,Behavior(Thrown))
Oct 29, 2024 8:46:59 PM INFO: com.group_finity.mascot.behavior.UserBehavior init Default Behavior(mascot1,Behavior(Dragged))
Oct 29, 2024 8:46:59 PM INFO: com.group_finity.mascot.behavior.UserBehavior init Default Behavior(mascot1,Behavior(Thrown))
Oct 29, 2024 8:46:59 PM INFO: com.group_finity.mascot.behavior.UserBehavior init Default Behavior(mascot1,Behavior(Dragged))
Oct 29, 2024 8:46:59 PM INFO: com.group_finity.mascot.behavior.UserBehavior init Default Behavior(mascot1,Behavior(Thrown))
Oct 29, 2024 8:47:00 PM INFO: com.group_finity.mascot.behavior.UserBehavior init Default Behavior(mascot1,Behavior(Dragged))
Oct 29, 2024 8:47:00 PM INFO: com.group_finity.mascot.behavior.UserBehavior init Default Behavior(mascot1,Behavior(Thrown))
Oct 29, 2024 8:47:00 PM INFO: com.group_finity.mascot.behavior.UserBehavior init Default Behavior(mascot1,Behavior(Dragged))
Oct 29, 2024 8:47:00 PM INFO: com.group_finity.mascot.behavior.UserBehavior init Default Behavior(mascot1,Behavior(Thrown))
Oct 29, 2024 8:47:00 PM INFO: com.group_finity.mascot.behavior.UserBehavior init Default Behavior(mascot1,Behavior(Dragged))
Oct 29, 2024 8:47:00 PM INFO: com.group_finity.mascot.behavior.UserBehavior init Default Behavior(mascot1,Behavior(Thrown))
Oct 29, 2024 8:47:00 PM INFO: com.group_finity.mascot.behavior.UserBehavior init Default Behavior(mascot1,Behavior(Dragged))
Oct 29, 2024 8:47:01 PM INFO: com.group_finity.mascot.behavior.UserBehavior init Default Behavior(mascot1,Behavior(Thrown))
Oct 29, 2024 8:47:01 PM INFO: com.group_finity.mascot.behavior.UserBehavior init Default Behavior(mascot1,Behavior(Dragged))
Oct 29, 2024 8:47:01 PM INFO: com.group_finity.mascot.behavior.UserBehavior init Default Behavior(mascot1,Behavior(Thrown))
Oct 29, 2024 8:47:01 PM INFO: com.group_finity.mascot.behavior.UserBehavior init Default Behavior(mascot1,Behavior(Dragged))
Oct 29, 2024 8:47:01 PM INFO: com.group_finity.mascot.behavior.UserBehavior init Default Behavior(mascot1,Behavior(Thrown))
Oct 29, 2024 8:47:01 PM INFO: com.group_finity.mascot.behavior.UserBehavior init Default Behavior(mascot1,Behavior(Dragged))
Oct 29, 2024 8:47:02 PM INFO: com.group_finity.mascot.behavior.UserBehavior init Default Behavior(mascot1,Behavior(Thrown))
Oct 29, 2024 8:47:02 PM INFO: com.group_finity.mascot.behavior.UserBehavior init Default Behavior(mascot1,Behavior(Dragged))
Oct 29, 2024 8:47:02 PM INFO: com.group_finity.mascot.behavior.UserBehavior init Default Behavior(mascot1,Behavior(Thrown))
Oct 29, 2024 8:47:02 PM INFO: com.group_finity.mascot.behavior.UserBehavior init Default Behavior(mascot1,Behavior(Dragged))
Oct 29, 2024 8:47:02 PM INFO: com.group_finity.mascot.behavior.UserBehavior init Default Behavior(mascot1,Behavior(Thrown))
Oct 29, 2024 8:47:02 PM INFO: com.group_finity.mascot.behavior.UserBehavior init Default Behavior(mascot1,Behavior(Dragged))
Oct 29, 2024 8:47:03 PM INFO: com.group_finity.mascot.behavior.UserBehavior init Default Behavior(mascot1,Behavior(Thrown))
Oct 29, 2024 8:47:03 PM INFO: com.group_finity.mascot.behavior.UserBehavior init Default Behavior(mascot1,Behavior(Dragged))
Oct 29, 2024 8:47:03 PM INFO: com.group_finity.mascot.behavior.UserBehavior init Default Behavior(mascot1,Behavior(Thrown))
Oct 29, 2024 8:47:03 PM INFO: com.group_finity.mascot.behavior.UserBehavior init Default Behavior(mascot1,Behavior(Dragged))
Oct 29, 2024 8:47:03 PM INFO: com.group_finity.mascot.behavior.UserBehavior init Default Behavior(mascot1,Behavior(Thrown))
Oct 29, 2024 8:47:03 PM INFO: com.group_finity.mascot.behavior.UserBehavior init Default Behavior(mascot1,Behavior(Dragged))
Oct 29, 2024 8:47:04 PM INFO: com.group_finity.mascot.behavior.UserBehavior init Default Behavior(mascot1,Behavior(Thrown))
Oct 29, 2024 8:47:04 PM INFO: com.group_finity.mascot.behavior.UserBehavior init Default Behavior(mascot1,Behavior(Dragged))
Oct 29, 2024 8:47:04 PM INFO: com.group_finity.mascot.behavior.UserBehavior init Default Behavior(mascot1,Behavior(Thrown))
Oct 29, 2024 8:47:04 PM INFO: com.group_finity.mascot.behavior.UserBehavior init Default Behavior(mascot1,Behavior(Dragged))
Oct 29, 2024 8:47:04 PM INFO: com.group_finity.mascot.behavior.UserBehavior init Default Behavior(mascot1,Behavior(Thrown))
Oct 29, 2024 8:47:04 PM INFO: com.group_finity.mascot.behavior.UserBehavior init Default Behavior(mascot1,Behavior(Dragged))
Oct 29, 2024 8:47:04 PM INFO: com.group_finity.mascot.behavior.UserBehavior init Default Behavior(mascot1,Behavior(Thrown))
Oct 29, 2024 8:47:05 PM INFO: com.group_finity.mascot.behavior.UserBehavior init Default Behavior(mascot1,Behavior(Dragged))
Oct 29, 2024 8:47:05 PM INFO: com.group_finity.mascot.behavior.UserBehavior init Default Behavior(mascot1,Behavior(Thrown))
Oct 29, 2024 8:47:05 PM INFO: com.group_finity.mascot.behavior.UserBehavior init Default Behavior(mascot1,Behavior(Dragged))
Oct 29, 2024 8:47:05 PM INFO: com.group_finity.mascot.behavior.UserBehavior init Default Behavior(mascot1,Behavior(Thrown))
Oct 29, 2024 8:47:05 PM INFO: com.group_finity.mascot.behavior.UserBehavior init Default Behavior(mascot1,Behavior(Dragged))
Oct 29, 2024 8:47:05 PM INFO: com.group_finity.mascot.behavior.UserBehavior init Default Behavior(mascot1,Behavior(Thrown))
Oct 29, 2024 8:47:06 PM INFO: com.group_finity.mascot.behavior.UserBehavior init Default Behavior(mascot1,Behavior(Dragged))
Oct 29, 2024 8:47:06 PM INFO: com.group_finity.mascot.behavior.UserBehavior init Default Behavior(mascot1,Behavior(Thrown))
Oct 29, 2024 8:47:06 PM INFO: com.group_finity.mascot.behavior.UserBehavior init Default Behavior(mascot1,Behavior(Dragged))
Oct 29, 2024 8:47:06 PM INFO: com.group_finity.mascot.behavior.UserBehavior init Default Behavior(mascot1,Behavior(Thrown))
Oct 29, 2024 8:47:06 PM INFO: com.group_finity.mascot.behavior.UserBehavior init Default Behavior(mascot1,Behavior(Dragged))
Oct 29, 2024 8:47:06 PM INFO: com.group_finity.mascot.behavior.UserBehavior init Default Behavior(mascot1,Behavior(Thrown))
Oct 29, 2024 8:47:09 PM INFO: com.group_finity.mascot.behavior.UserBehavior init Default Behavior(mascot1,Behavior(Dragged))
Oct 29, 2024 8:47:09 PM INFO: com.group_finity.mascot.behavior.UserBehavior init Default Behavior(mascot1,Behavior(Thrown))
Oct 29, 2024 8:47:10 PM INFO: com.group_finity.mascot.behavior.UserBehavior init Default Behavior(mascot1,Behavior(Dragged))
Oct 29, 2024 8:47:10 PM INFO: com.group_finity.mascot.behavior.UserBehavior init Default Behavior(mascot1,Behavior(Thrown))
Oct 29, 2024 8:47:11 PM INFO: com.group_finity.mascot.behavior.UserBehavior init Default Behavior(mascot1,Behavior(Dragged))
Oct 29, 2024 8:47:11 PM INFO: com.group_finity.mascot.behavior.UserBehavior init Default Behavior(mascot1,Behavior(Thrown))
Oct 29, 2024 8:47:11 PM INFO: com.group_finity.mascot.behavior.UserBehavior init Default Behavior(mascot1,Behavior(Dragged))
Oct 29, 2024 8:47:11 PM INFO: com.group_finity.mascot.behavior.UserBehavior init Default Behavior(mascot1,Behavior(Thrown))
Oct 29, 2024 8:47:12 PM INFO: com.group_finity.mascot.behavior.UserBehavior init Default Behavior(mascot1,Behavior(Dragged))
Oct 29, 2024 8:47:12 PM INFO: com.group_finity.mascot.behavior.UserBehavior init Default Behavior(mascot1,Behavior(Thrown))
Oct 29, 2024 8:47:12 PM INFO: com.group_finity.mascot.behavior.UserBehavior init Default Behavior(mascot1,Behavior(Dragged))
Oct 29, 2024 8:47:12 PM INFO: com.group_finity.mascot.behavior.UserBehavior init Default Behavior(mascot1,Behavior(Thrown))
Oct 29, 2024 8:47:13 PM INFO: com.group_finity.mascot.behavior.UserBehavior init Default Behavior(mascot1,Behavior(Dragged))
Oct 29, 2024 8:47:13 PM INFO: com.group_finity.mascot.behavior.UserBehavior init Default Behavior(mascot1,Behavior(Thrown))
Oct 29, 2024 8:47:23 PM INFO: com.group_finity.mascot.Mascot dispose destroy mascot (mascot1)
