#
# A fatal error has been detected by the Java Runtime Environment:
#
#  EXCEPTION_ACCESS_VIOLATION (0xc0000005) at pc=0x00007ffe5ea560d3, pid=4800, tid=0x0000000000005ff8
#
# JRE version: Java(TM) SE Runtime Environment (8.0_431) (build 1.8.0_431-b10)
# Java VM: Java HotSpot(TM) 64-Bit Server VM (25.431-b10 mixed mode windows-amd64 compressed oops)
# Problematic frame:
# V  [jvm.dll+0x1660d3]
#
# Failed to write core dump. Minidumps are not enabled by default on client versions of Windows
#
# If you would like to submit a bug report, please visit:
#   http://bugreport.java.com/bugreport/crash.jsp
#

---------------  T H R E A D  ---------------

Current thread (0x000002272109d000):  JavaThread "Thread-7" [_thread_in_vm, id=24568, stack(0x00000063e8600000,0x00000063e8700000)]

siginfo: ExceptionCode=0xc0000005, reading address 0x0000000000000000

Registers:
RAX=0x0000000000000000, RBX=0x000002272109d000, RCX=0x0000000000000d00, RDX=0x0000022721546010
RSP=0x00000063e86feb50, RBP=0x00000063e86fec70, RSI=0x0000022721546010, RDI=0x0000000000000000
R8 =0x0000000000000000, R9 =0x0000000000000010, R10=0x000000000000010c, R11=0x00007ffe5f111c3c
R12=0x0000000000000000, R13=0x00000000b3a40678, R14=0x0000000000000000, R15=0x000002272109d000
RIP=0x00007ffe5ea560d3, EFLAGS=0x0000000000010246

Top of Stack: (sp=0x00000063e86feb50)
0x00000063e86feb50:   00000000b3969748 0000000000000000
0x00000063e86feb60:   0000000000000000 00000063e86fec70
0x00000063e86feb70:   0000000000000000 0000000180001419
0x00000063e86feb80:   00000063e86fec70 0000000000000000
0x00000063e86feb90:   00000000b3969748 00000000b377ea18
0x00000063e86feba0:   000002272109d000 0000000180002410
0x00000063e86febb0:   000000002000227a 00000001800012f8
0x00000063e86febc0:   0000022715decd48 00007ffeacfad66a
0x00000063e86febd0:   00000000005000aa 0000000000000020
0x00000063e86febe0:   000002272516fe20 0000000800000001
0x00000063e86febf0:   0000022703848400 000002272109d000
0x00000063e86fec00:   0000b82000000000 0000000180002410
0x00000063e86fec10:   000000002000227a 00000001800012c2
0x00000063e86fec20:   00000227234202a8 0000000180002410
0x00000063e86fec30:   000000002000227a 0000000180001289
0x00000063e86fec40:   00000000b377ea18 0000000000000010 

Instructions: (pc=0x00007ffe5ea560d3)
0x00007ffe5ea560b3:   85 f6 0f 84 87 00 00 00 40 32 ff 48 89 6c 24 30
0x00007ffe5ea560c3:   41 f6 c6 01 74 0a 49 8b ce e8 4f 53 0b 00 eb 03
0x00007ffe5ea560d3:   49 8b 06 48 8b c8 e8 e2 a4 f0 ff 48 8b e8 48 85
0x00007ffe5ea560e3:   c0 74 57 40 f6 c6 01 74 0a 48 8b ce e8 2c 53 0b 


Register to memory mapping:

RAX=0x0000000000000000 is an unknown value
RBX=0x000002272109d000 is a thread
RCX=0x0000000000000d00 is an unknown value
RDX=0x0000022721546010 is an unknown value
RSP=0x00000063e86feb50 is pointing into the stack for thread: 0x000002272109d000
RBP=0x00000063e86fec70 is pointing into the stack for thread: 0x000002272109d000
RSI=0x0000022721546010 is an unknown value
RDI=0x0000000000000000 is an unknown value
R8 =0x0000000000000000 is an unknown value
R9 =0x0000000000000010 is an unknown value
R10=0x000000000000010c is an unknown value
R11=0x00007ffe5f111c3c is an unknown value
R12=0x0000000000000000 is an unknown value
R13=0x00000000b3a40678 is an oop
java.lang.reflect.Method 
 - klass: 'java/lang/reflect/Method'
 - ---- fields (total size 11 words):
 - 'override' 'Z' @12  false
 - volatile 'securityCheckCache' 'Ljava/lang/Object;' @16  NULL (0 0)
 - private volatile transient 'hasRealParameterData' 'Z' @20  false
 - private volatile transient 'parameters' '[Ljava/lang/reflect/Parameter;' @24  NULL (0 0)
 - private transient strict 'declaredAnnotations' 'Ljava/util/Map;' @28  NULL (0 10)
 - private 'slot' 'I' @32  16 (10)
 - private 'modifiers' 'I' @36  1025 (401)
 - private strict 'clazz' 'Ljava/lang/Class;' @40  a 'java/lang/Class' = 'com/group_finity/mascot/win/jna/User32' (b3a5e650 b3a25a28)
 - private 'name' 'Ljava/lang/String;' @44  "SystemParametersInfoW" (b3a25a28 b377ea18)
 - private strict 'returnType' 'Ljava/lang/Class;' @48  a 'java/lang/Class' = int (b377ea18 b3a5ea28)
 - private strict 'parameterTypes' '[Ljava/lang/Class;' @52  a 'java/lang/Class'[4]  (b3a5ea28 b37a6678)
 - private strict 'exceptionTypes' '[Ljava/lang/Class;' @56  a 'java/lang/Class'[0]  (b37a6678 0)
 - private transient 'signature' 'Ljava/lang/String;' @60  NULL (0 0)
 - private transient 'genericInfo' 'Lsun/reflect/generics/repository/MethodRepository;' @64  NULL (0 0)
 - private 'annotations' '[B' @68  NULL (0 0)
 - private 'parameterAnnotations' '[B' @72  NULL (0 0)
 - private 'annotationDefault' '[B' @76  NULL (0 0)
 - private volatile 'methodAccessor' 'Lsun/reflect/MethodAccessor;' @80  NULL (0 b3a5e9d0)
 - private 'root' 'Ljava/lang/reflect/Method;' @84  a 'java/lang/reflect/Method' (b3a5e9d0 9)
R14=0x0000000000000000 is an unknown value
R15=0x000002272109d000 is a thread


Stack: [0x00000063e8600000,0x00000063e8700000],  sp=0x00000063e86feb50,  free space=1018k
Native frames: (J=compiled Java code, j=interpreted, Vv=VM code, C=native code)
V  [jvm.dll+0x1660d3]
C  [jna5045166160934956942.dll+0x1419]
C  [jna5045166160934956942.dll+0x2457]
C  0x00000227042988ac

Java frames: (J=compiled Java code, j=interpreted, Vv=VM code)
J 2764  com.sun.jna.Function.invokeInt(I[Ljava/lang/Object;)I (0 bytes) @ 0x000002270429880f [0x00000227042987c0+0x4f]
J 3233 C2 com.sun.jna.Function.invoke([Ljava/lang/Object;Ljava/lang/Class;Z)Ljava/lang/Object; (1125 bytes) @ 0x0000022704403f00 [0x0000022704403d60+0x1a0]
J 3011 C2 com.sun.jna.Function.invoke(Ljava/lang/Class;[Ljava/lang/Object;Ljava/util/Map;)Ljava/lang/Object; (526 bytes) @ 0x00000227043729d0 [0x0000022704371bc0+0xe10]
J 3179 C2 com.sun.jna.Library$Handler.invoke(Ljava/lang/Object;Ljava/lang/reflect/Method;[Ljava/lang/Object;)Ljava/lang/Object; (345 bytes) @ 0x00000227043dd054 [0x00000227043dcb40+0x514]
J 4705 C1 com.sun.proxy.$Proxy1.SystemParametersInfoW(IILcom/group_finity/mascot/win/jna/RECT;I)I (63 bytes) @ 0x000002270486a564 [0x0000022704869920+0xc44]
J 4997 C1 com.group_finity.mascot.win.WindowsEnvironment.getWorkAreaRect()Ljava/awt/Rectangle; (56 bytes) @ 0x0000022703d5dbc4 [0x0000022703d5d980+0x244]
J 4699 C1 com.group_finity.mascot.win.WindowsEnvironment.tick()V (75 bytes) @ 0x000002270486418c [0x0000022704863da0+0x3ec]
J 4741 C1 com.group_finity.mascot.Manager.tick()V (230 bytes) @ 0x000002270487fba4 [0x000002270487f9a0+0x204]
J 4740 C1 com.group_finity.mascot.Manager.access$000(Lcom/group_finity/mascot/Manager;)V (5 bytes) @ 0x0000022704882b5c [0x0000022704882b00+0x5c]
j  com.group_finity.mascot.Manager$2.run()V+62
v  ~StubRoutines::call_stub

---------------  P R O C E S S  ---------------

Java Threads: ( => current thread )
  0x0000022721360800 JavaThread "Thread-2" daemon [_thread_in_native, id=15228, stack(0x00000063e8f60000,0x00000063e9060000)]
  0x0000022724acb000 JavaThread "SIGTERM handler" daemon [_thread_blocked, id=22156, stack(0x00000063e8300000,0x00000063e8400000)]
  0x0000022721a73800 JavaThread "TimerQueue" daemon [_thread_blocked, id=21916, stack(0x00000063e8900000,0x00000063e8a00000)]
  0x000002272109b800 JavaThread "DestroyJavaVM" [_thread_blocked, id=21768, stack(0x00000063e5c00000,0x00000063e5d00000)]
=>0x000002272109d000 JavaThread "Thread-7" [_thread_in_vm, id=24568, stack(0x00000063e8600000,0x00000063e8700000)]
  0x0000022721099800 JavaThread "Thread-4" daemon [_thread_blocked, id=22664, stack(0x00000063e8500000,0x00000063e8600000)]
  0x000002272109f000 JavaThread "AWT-EventQueue-0" [_thread_blocked, id=17644, stack(0x00000063e8400000,0x00000063e8500000)]
  0x0000022719979800 JavaThread "AWT-Windows" daemon [_thread_in_native, id=1408, stack(0x00000063e8000000,0x00000063e8100000)]
  0x0000022719976000 JavaThread "AWT-Shutdown" [_thread_blocked, id=15448, stack(0x00000063e7f00000,0x00000063e8000000)]
  0x0000022719971800 JavaThread "Java2D Disposer" daemon [_thread_blocked, id=28012, stack(0x00000063e7e00000,0x00000063e7f00000)]
  0x0000022719288800 JavaThread "Thread-1" daemon [_thread_blocked, id=27996, stack(0x00000063e7d00000,0x00000063e7e00000)]
  0x000002271917a000 JavaThread "Service Thread" daemon [_thread_blocked, id=28016, stack(0x00000063e7b00000,0x00000063e7c00000)]
  0x00000227190a3800 JavaThread "C1 CompilerThread11" daemon [_thread_blocked, id=18572, stack(0x00000063e7a00000,0x00000063e7b00000)]
  0x00000227190a2800 JavaThread "C1 CompilerThread10" daemon [_thread_blocked, id=3556, stack(0x00000063e7900000,0x00000063e7a00000)]
  0x00000227190a5000 JavaThread "C1 CompilerThread9" daemon [_thread_blocked, id=12052, stack(0x00000063e7800000,0x00000063e7900000)]
  0x00000227190a2000 JavaThread "C1 CompilerThread8" daemon [_thread_blocked, id=27908, stack(0x00000063e7700000,0x00000063e7800000)]
  0x00000227190a0800 JavaThread "C2 CompilerThread7" daemon [_thread_blocked, id=20144, stack(0x00000063e7600000,0x00000063e7700000)]
  0x000002271909f000 JavaThread "C2 CompilerThread6" daemon [_thread_blocked, id=23152, stack(0x00000063e7500000,0x00000063e7600000)]
  0x000002271909f800 JavaThread "C2 CompilerThread5" daemon [_thread_blocked, id=11680, stack(0x00000063e7400000,0x00000063e7500000)]
  0x00000227190a1000 JavaThread "C2 CompilerThread4" daemon [_thread_blocked, id=27572, stack(0x00000063e7300000,0x00000063e7400000)]
  0x00000227190a5800 JavaThread "C2 CompilerThread3" daemon [_thread_blocked, id=15760, stack(0x00000063e7200000,0x00000063e7300000)]
  0x000002271908b800 JavaThread "C2 CompilerThread2" daemon [_thread_blocked, id=6096, stack(0x00000063e7100000,0x00000063e7200000)]
  0x000002271908a000 JavaThread "C2 CompilerThread1" daemon [_thread_blocked, id=25864, stack(0x00000063e7000000,0x00000063e7100000)]
  0x0000022719086000 JavaThread "C2 CompilerThread0" daemon [_thread_blocked, id=19208, stack(0x00000063e6f00000,0x00000063e7000000)]
  0x0000022719085000 JavaThread "Attach Listener" daemon [_thread_blocked, id=2932, stack(0x00000063e6e00000,0x00000063e6f00000)]
  0x0000022719080000 JavaThread "Signal Dispatcher" daemon [_thread_blocked, id=11876, stack(0x00000063e6d00000,0x00000063e6e00000)]
  0x0000022719060800 JavaThread "Finalizer" daemon [_thread_blocked, id=9636, stack(0x00000063e6c00000,0x00000063e6d00000)]
  0x0000022716377000 JavaThread "Reference Handler" daemon [_thread_blocked, id=4772, stack(0x00000063e6b00000,0x00000063e6c00000)]

Other Threads:
  0x000002271636f800 VMThread [stack: 0x00000063e6a00000,0x00000063e6b00000] [id=12412]
  0x0000022719180800 WatcherThread [stack: 0x00000063e7c00000,0x00000063e7d00000] [id=16176]

VM state:not at safepoint (normal execution)

VM Mutex/Monitor currently owned by a thread: None

heap address: 0x00000000b3400000, size: 1228 MB, Compressed Oops mode: 32-bit
Narrow klass base: 0x0000000000000000, Narrow klass shift: 3
Compressed class space size: 1073741824 Address: 0x0000000100000000

Heap:
 PSYoungGen      total 140800K, used 75002K [0x00000000e6700000, 0x00000000f5780000, 0x0000000100000000)
  eden space 130048K, 50% used [0x00000000e6700000,0x00000000ea750730,0x00000000ee600000)
  from space 10752K, 85% used [0x00000000ee600000,0x00000000eeeee3f8,0x00000000ef080000)
  to   space 15872K, 0% used [0x00000000f4800000,0x00000000f4800000,0x00000000f5780000)
 ParOldGen       total 102400K, used 13915K [0x00000000b3400000, 0x00000000b9800000, 0x00000000e6700000)
  object space 102400K, 13% used [0x00000000b3400000,0x00000000b4196d80,0x00000000b9800000)
 Metaspace       used 25591K, capacity 26370K, committed 26544K, reserved 1073152K
  class space    used 3153K, capacity 3470K, committed 3504K, reserved 1048576K

Card table byte_map: [0x0000022712ba0000,0x0000022712e10000] byte_map_base: 0x0000022712606000

Marking Bits: (ParMarkBitMap*) 0x00007ffe5f120200
 Begin Bits: [0x0000022712fb0000, 0x00000227142e0000)
 End Bits:   [0x00000227142e0000, 0x0000022715610000)

Polling page: 0x00000227037b0000

CodeCache: size=245760Kb used=16330Kb max_used=17537Kb free=229429Kb
 bounds [0x00000227037e0000, 0x0000022704910000, 0x00000227127e0000]
 total_blobs=5268 nmethods=4658 adapters=517
 compilation: enabled

Compilation events (10 events):
Event: 20.144 Thread 0x00000227190a5000 5038       3       sun.awt.windows.WWindowPeer::setBounds (33 bytes)
Event: 20.144 Thread 0x00000227190a3800 5039   !   3       sun.awt.windows.WComponentPeer::setBounds (104 bytes)
Event: 20.144 Thread 0x00000227190a5000 nmethod 5038 0x0000022703adca90 code [0x0000022703adcc00, 0x0000022703adcdd0]
Event: 20.144 Thread 0x00000227190a3800 nmethod 5039 0x0000022704084710 code [0x00000227040848a0, 0x0000022704084d90]
Event: 20.465 Thread 0x00000227190a2800 5040       3       java.awt.Window::mixOnReshaping (1 bytes)
Event: 20.465 Thread 0x00000227190a2800 nmethod 5040 0x00000227041a5190 code [0x00000227041a52e0, 0x00000227041a5438]
Event: 20.903 Thread 0x00000227190a2800 5042       3       java.util.logging.LogManager$LoggerContext::getRootLogger (8 bytes)
Event: 20.903 Thread 0x00000227190a2000 5043       3       java.util.logging.LogManager$LoggerContext::getGlobalLogger (6 bytes)
Event: 20.903 Thread 0x00000227190a2000 nmethod 5043 0x0000022704455710 code [0x0000022704455860, 0x00000227044559b8]
Event: 20.903 Thread 0x00000227190a2800 nmethod 5042 0x0000022703cbf950 code [0x0000022703cbfaa0, 0x0000022703cbfcb8]

GC Heap History (10 events):
Event: 0.919 GC heap before
{Heap before GC invocations=2 (full 0):
 PSYoungGen      total 75776K, used 70774K [0x00000000e6700000, 0x00000000ebb80000, 0x0000000100000000)
  eden space 65024K, 100% used [0x00000000e6700000,0x00000000ea680000,0x00000000ea680000)
  from space 10752K, 53% used [0x00000000ea680000,0x00000000eac1d920,0x00000000eb100000)
  to   space 10752K, 0% used [0x00000000eb100000,0x00000000eb100000,0x00000000ebb80000)
 ParOldGen       total 173568K, used 88K [0x00000000b3400000, 0x00000000bdd80000, 0x00000000e6700000)
  object space 173568K, 0% used [0x00000000b3400000,0x00000000b3416010,0x00000000bdd80000)
 Metaspace       used 12757K, capacity 12922K, committed 13056K, reserved 1060864K
  class space    used 1454K, capacity 1522K, committed 1536K, reserved 1048576K
Event: 0.923 GC heap after
Heap after GC invocations=2 (full 0):
 PSYoungGen      total 75776K, used 8193K [0x00000000e6700000, 0x00000000efb00000, 0x0000000100000000)
  eden space 65024K, 0% used [0x00000000e6700000,0x00000000e6700000,0x00000000ea680000)
  from space 10752K, 76% used [0x00000000eb100000,0x00000000eb9004e0,0x00000000ebb80000)
  to   space 10752K, 0% used [0x00000000ea680000,0x00000000ea680000,0x00000000eb100000)
 ParOldGen       total 173568K, used 96K [0x00000000b3400000, 0x00000000bdd80000, 0x00000000e6700000)
  object space 173568K, 0% used [0x00000000b3400000,0x00000000b3418010,0x00000000bdd80000)
 Metaspace       used 12757K, capacity 12922K, committed 13056K, reserved 1060864K
  class space    used 1454K, capacity 1522K, committed 1536K, reserved 1048576K
}
Event: 1.134 GC heap before
{Heap before GC invocations=3 (full 0):
 PSYoungGen      total 75776K, used 73217K [0x00000000e6700000, 0x00000000efb00000, 0x0000000100000000)
  eden space 65024K, 100% used [0x00000000e6700000,0x00000000ea680000,0x00000000ea680000)
  from space 10752K, 76% used [0x00000000eb100000,0x00000000eb9004e0,0x00000000ebb80000)
  to   space 10752K, 0% used [0x00000000ea680000,0x00000000ea680000,0x00000000eb100000)
 ParOldGen       total 173568K, used 96K [0x00000000b3400000, 0x00000000bdd80000, 0x00000000e6700000)
  object space 173568K, 0% used [0x00000000b3400000,0x00000000b3418010,0x00000000bdd80000)
 Metaspace       used 15287K, capacity 15554K, committed 15744K, reserved 1062912K
  class space    used 1777K, capacity 1870K, committed 1920K, reserved 1048576K
Event: 1.138 GC heap after
Heap after GC invocations=3 (full 0):
 PSYoungGen      total 75776K, used 10727K [0x00000000e6700000, 0x00000000efb00000, 0x0000000100000000)
  eden space 65024K, 0% used [0x00000000e6700000,0x00000000e6700000,0x00000000ea680000)
  from space 10752K, 99% used [0x00000000ea680000,0x00000000eb0f9e38,0x00000000eb100000)
  to   space 10752K, 0% used [0x00000000ef080000,0x00000000ef080000,0x00000000efb00000)
 ParOldGen       total 173568K, used 709K [0x00000000b3400000, 0x00000000bdd80000, 0x00000000e6700000)
  object space 173568K, 0% used [0x00000000b3400000,0x00000000b34b1788,0x00000000bdd80000)
 Metaspace       used 15287K, capacity 15554K, committed 15744K, reserved 1062912K
  class space    used 1777K, capacity 1870K, committed 1920K, reserved 1048576K
}
Event: 2.965 GC heap before
{Heap before GC invocations=4 (full 0):
 PSYoungGen      total 75776K, used 43472K [0x00000000e6700000, 0x00000000efb00000, 0x0000000100000000)
  eden space 65024K, 50% used [0x00000000e6700000,0x00000000e86fa590,0x00000000ea680000)
  from space 10752K, 99% used [0x00000000ea680000,0x00000000eb0f9e38,0x00000000eb100000)
  to   space 10752K, 0% used [0x00000000ef080000,0x00000000ef080000,0x00000000efb00000)
 ParOldGen       total 173568K, used 709K [0x00000000b3400000, 0x00000000bdd80000, 0x00000000e6700000)
  object space 173568K, 0% used [0x00000000b3400000,0x00000000b34b1788,0x00000000bdd80000)
 Metaspace       used 20488K, capacity 21228K, committed 21296K, reserved 1067008K
  class space    used 2480K, capacity 2834K, committed 2864K, reserved 1048576K
Event: 2.971 GC heap after
Heap after GC invocations=4 (full 0):
 PSYoungGen      total 140800K, used 10745K [0x00000000e6700000, 0x00000000efb00000, 0x0000000100000000)
  eden space 130048K, 0% used [0x00000000e6700000,0x00000000e6700000,0x00000000ee600000)
  from space 10752K, 99% used [0x00000000ef080000,0x00000000efafe7f0,0x00000000efb00000)
  to   space 10752K, 0% used [0x00000000ee600000,0x00000000ee600000,0x00000000ef080000)
 ParOldGen       total 173568K, used 4968K [0x00000000b3400000, 0x00000000bdd80000, 0x00000000e6700000)
  object space 173568K, 2% used [0x00000000b3400000,0x00000000b38da140,0x00000000bdd80000)
 Metaspace       used 20488K, capacity 21228K, committed 21296K, reserved 1067008K
  class space    used 2480K, capacity 2834K, committed 2864K, reserved 1048576K
}
Event: 2.971 GC heap before
{Heap before GC invocations=5 (full 1):
 PSYoungGen      total 140800K, used 10745K [0x00000000e6700000, 0x00000000efb00000, 0x0000000100000000)
  eden space 130048K, 0% used [0x00000000e6700000,0x00000000e6700000,0x00000000ee600000)
  from space 10752K, 99% used [0x00000000ef080000,0x00000000efafe7f0,0x00000000efb00000)
  to   space 10752K, 0% used [0x00000000ee600000,0x00000000ee600000,0x00000000ef080000)
 ParOldGen       total 173568K, used 4968K [0x00000000b3400000, 0x00000000bdd80000, 0x00000000e6700000)
  object space 173568K, 2% used [0x00000000b3400000,0x00000000b38da140,0x00000000bdd80000)
 Metaspace       used 20488K, capacity 21228K, committed 21296K, reserved 1067008K
  class space    used 2480K, capacity 2834K, committed 2864K, reserved 1048576K
Event: 2.991 GC heap after
Heap after GC invocations=5 (full 1):
 PSYoungGen      total 140800K, used 0K [0x00000000e6700000, 0x00000000efb00000, 0x0000000100000000)
  eden space 130048K, 0% used [0x00000000e6700000,0x00000000e6700000,0x00000000ee600000)
  from space 10752K, 0% used [0x00000000ef080000,0x00000000ef080000,0x00000000efb00000)
  to   space 10752K, 0% used [0x00000000ee600000,0x00000000ee600000,0x00000000ef080000)
 ParOldGen       total 102400K, used 13907K [0x00000000b3400000, 0x00000000b9800000, 0x00000000e6700000)
  object space 102400K, 13% used [0x00000000b3400000,0x00000000b4194d80,0x00000000b9800000)
 Metaspace       used 20488K, capacity 21228K, committed 21296K, reserved 1067008K
  class space    used 2480K, capacity 2834K, committed 2864K, reserved 1048576K
}
Event: 7.156 GC heap before
{Heap before GC invocations=6 (full 1):
 PSYoungGen      total 140800K, used 130048K [0x00000000e6700000, 0x00000000efb00000, 0x0000000100000000)
  eden space 130048K, 100% used [0x00000000e6700000,0x00000000ee600000,0x00000000ee600000)
  from space 10752K, 0% used [0x00000000ef080000,0x00000000ef080000,0x00000000efb00000)
  to   space 10752K, 0% used [0x00000000ee600000,0x00000000ee600000,0x00000000ef080000)
 ParOldGen       total 102400K, used 13907K [0x00000000b3400000, 0x00000000b9800000, 0x00000000e6700000)
  object space 102400K, 13% used [0x00000000b3400000,0x00000000b4194d80,0x00000000b9800000)
 Metaspace       used 24969K, capacity 25684K, committed 26032K, reserved 1071104K
  class space    used 3140K, capacity 3456K, committed 3504K, reserved 1048576K
Event: 7.161 GC heap after
Heap after GC invocations=6 (full 1):
 PSYoungGen      total 140800K, used 9144K [0x00000000e6700000, 0x00000000f5780000, 0x0000000100000000)
  eden space 130048K, 0% used [0x00000000e6700000,0x00000000e6700000,0x00000000ee600000)
  from space 10752K, 85% used [0x00000000ee600000,0x00000000eeeee3f8,0x00000000ef080000)
  to   space 15872K, 0% used [0x00000000f4800000,0x00000000f4800000,0x00000000f5780000)
 ParOldGen       total 102400K, used 13915K [0x00000000b3400000, 0x00000000b9800000, 0x00000000e6700000)
  object space 102400K, 13% used [0x00000000b3400000,0x00000000b4196d80,0x00000000b9800000)
 Metaspace       used 24969K, capacity 25684K, committed 26032K, reserved 1071104K
  class space    used 3140K, capacity 3456K, committed 3504K, reserved 1048576K
}

Deoptimization events (10 events):
Event: 7.222 Thread 0x000002272109f000 Uncommon trap: reason=unstable_if action=reinterpret pc=0x000002270450ed74 method=com.group_finity.mascot.environment.MascotEnvironment.getWorkArea(Ljava/lang/Boolean;)Lcom/group_finity/mascot/environment/Area; @ 4
Event: 7.222 Thread 0x000002272109f000 Uncommon trap: reason=unstable_if action=reinterpret pc=0x0000022704324d40 method=com.group_finity.mascot.environment.Area.contains(II)Z @ 5
Event: 7.223 Thread 0x000002272109f000 Uncommon trap: reason=unstable_if action=reinterpret pc=0x000002270451247c method=com.group_finity.mascot.environment.Area.contains(II)Z @ 5
Event: 8.305 Thread 0x000002272109d000 Uncommon trap: reason=unstable_if action=reinterpret pc=0x0000022704756c0c method=com.group_finity.mascot.environment.MascotEnvironment.getWorkArea(Ljava/lang/Boolean;)Lcom/group_finity/mascot/environment/Area; @ 264
Event: 10.428 Thread 0x000002272109f000 Uncommon trap: reason=unstable_if action=reinterpret pc=0x00000227047a7d68 method=sun.font.CMap$CMapFormat4.getGlyph(I)C @ 181
Event: 15.823 Thread 0x000002272109d000 Uncommon trap: reason=null_check action=make_not_entrant pc=0x0000022703c17dc4 method=com.sun.jna.Structure.calculateSize(Z)I @ 157
Event: 16.104 Thread 0x000002272109d000 Uncommon trap: reason=null_check action=make_not_entrant pc=0x000002270402e71c method=com.sun.jna.Structure.calculateSize(Z)I @ 455
Event: 16.383 Thread 0x000002272109d000 Uncommon trap: reason=unstable_if action=reinterpret pc=0x00000227048e2798 method=com.group_finity.mascot.action.ActionBase.hasNext()Z @ 16
Event: 16.397 Thread 0x000002272109d000 Uncommon trap: reason=unstable_if action=reinterpret pc=0x0000022704348fe4 method=java.lang.Integer.valueOf(I)Ljava/lang/Integer; @ 3
Event: 20.902 Thread 0x0000022721a69000 Uncommon trap: reason=unstable_if action=reinterpret pc=0x0000022704388e10 method=java.lang.reflect.Field.get(Ljava/lang/Object;)Ljava/lang/Object; @ 4

Classes redefined (0 events):
No events

Internal exceptions (10 events):
Event: 0.284 Thread 0x0000022701e27800 Exception <a 'java/io/FileNotFoundException'> (0x00000000e6fd1738) thrown at [C:\jenkins\workspace\8-2-build-windows-x64-cygwin-sans-NAS\jdk8u431\1359\hotspot\src\share\vm\prims\jni.cpp, line 710]
Event: 0.285 Thread 0x0000022701e27800 Exception <a 'java/io/FileNotFoundException'> (0x00000000e6fd5698) thrown at [C:\jenkins\workspace\8-2-build-windows-x64-cygwin-sans-NAS\jdk8u431\1359\hotspot\src\share\vm\prims\jni.cpp, line 710]
Event: 1.355 Thread 0x0000022701e27800 Exception <a 'java/lang/ClassNotFoundException': jdk/nashorn/internal/runtime/ScriptFunction> (0x00000000e7eb48e0) thrown at [C:\jenkins\workspace\8-2-build-windows-x64-cygwin-sans-NAS\jdk8u431\1359\hotspot\src\share\vm\classfile\systemDictionary.cpp, lin
Event: 4.141 Thread 0x000002272109a000 Exception <a 'java/io/FileNotFoundException'> (0x00000000e70eefb0) thrown at [C:\jenkins\workspace\8-2-build-windows-x64-cygwin-sans-NAS\jdk8u431\1359\hotspot\src\share\vm\prims\jni.cpp, line 710]
Event: 7.091 Thread 0x000002272109f000 Implicit null exception at 0x00000227046aa4a9 to 0x00000227046aa8f5
Event: 7.110 Thread 0x000002272109f000 Implicit null exception at 0x00000227046b5b66 to 0x00000227046b5f61
Event: 7.134 Thread 0x000002272109f000 Implicit null exception at 0x00000227046c261e to 0x00000227046c29bd
Event: 7.152 Thread 0x000002272109f000 Implicit null exception at 0x00000227046c14dd to 0x00000227046c1829
Event: 15.823 Thread 0x000002272109d000 Implicit null exception at 0x0000022703c15e72 to 0x0000022703c17d85
Event: 16.104 Thread 0x000002272109d000 Implicit null exception at 0x000002270402c817 to 0x000002270402e6cd

Events (10 events):
Event: 20.902 loading class java/util/WeakHashMap$KeyIterator done
Event: 20.902 Thread 0x000002272135c000 Thread exited: 0x000002272135c000
Event: 20.902 Thread 0x000002272109e000 Thread exited: 0x000002272109e000
Event: 20.902 Thread 0x0000022721a66800 Thread exited: 0x0000022721a66800
Event: 20.902 Executing VM operation: RevokeBias
Event: 20.902 Executing VM operation: RevokeBias done
Event: 20.902 Thread 0x0000022721a69000 Uncommon trap: trap_request=0xffffff65 fr.pc=0x0000022704388e10
Event: 20.902 Thread 0x0000022721a69000 DEOPT PACKING pc=0x0000022704388e10 sp=0x00000063e8d5f590
Event: 20.902 Thread 0x0000022721a69000 DEOPT UNPACKING pc=0x00000227038258c3 sp=0x00000063e8d5f530 mode 2
Event: 20.903 Thread 0x0000022721360000 Thread exited: 0x0000022721360000


Dynamic libraries:
0x00007ff70f410000 - 0x00007ff70f45f000 	C:\Program Files\Java\jre1.8.0_431\bin\javaw.exe
0x00007ffeacf70000 - 0x00007ffead187000 	C:\Windows\SYSTEM32\ntdll.dll
0x00007ffeabc00000 - 0x00007ffeabcc4000 	C:\Windows\System32\KERNEL32.DLL
0x00007ffeaa3c0000 - 0x00007ffeaa777000 	C:\Windows\System32\KERNELBASE.dll
0x00007ffeabcf0000 - 0x00007ffeabda2000 	C:\Windows\System32\ADVAPI32.dll
0x00007ffeaacd0000 - 0x00007ffeaad77000 	C:\Windows\System32\msvcrt.dll
0x00007ffeab9a0000 - 0x00007ffeaba48000 	C:\Windows\System32\sechost.dll
0x00007ffeaa390000 - 0x00007ffeaa3b8000 	C:\Windows\System32\bcrypt.dll
0x00007ffeab000000 - 0x00007ffeab114000 	C:\Windows\System32\RPCRT4.dll
0x00007ffeac200000 - 0x00007ffeac3af000 	C:\Windows\System32\USER32.dll
0x00007ffeaa780000 - 0x00007ffeaa7a6000 	C:\Windows\System32\win32u.dll
0x00007ffeaaca0000 - 0x00007ffeaacc9000 	C:\Windows\System32\GDI32.dll
0x00007ffeaa9a0000 - 0x00007ffeaaab8000 	C:\Windows\System32\gdi32full.dll
0x00007ffeaa280000 - 0x00007ffeaa31a000 	C:\Windows\System32\msvcp_win.dll
0x00007ffeaab80000 - 0x00007ffeaac91000 	C:\Windows\System32\ucrtbase.dll
0x00007ffe9dd20000 - 0x00007ffe9dfb3000 	C:\Windows\WinSxS\amd64_microsoft.windows.common-controls_6595b64144ccf1df_6.0.22621.3672_none_2713b9d173822955\COMCTL32.dll
0x00007ffeabf90000 - 0x00007ffeabfc1000 	C:\Windows\System32\IMM32.DLL
0x00007ffe5fd80000 - 0x00007ffe5fd9b000 	C:\Program Files\Java\jre1.8.0_431\bin\vcruntime140.dll
0x00007ffe8daf0000 - 0x00007ffe8dafc000 	C:\Program Files\Java\jre1.8.0_431\bin\vcruntime140_1.dll
0x00007ffe5f300000 - 0x00007ffe5f38e000 	C:\Program Files\Java\jre1.8.0_431\bin\msvcp140.dll
0x00007ffe5e8f0000 - 0x00007ffe5f19a000 	C:\Program Files\Java\jre1.8.0_431\bin\server\jvm.dll
0x00007ffeacf20000 - 0x00007ffeacf28000 	C:\Windows\System32\PSAPI.DLL
0x00007ffe6d940000 - 0x00007ffe6d949000 	C:\Windows\SYSTEM32\WSOCK32.dll
0x00007ffea14e0000 - 0x00007ffea14ea000 	C:\Windows\SYSTEM32\VERSION.dll
0x00007ffe9fb70000 - 0x00007ffe9fba4000 	C:\Windows\SYSTEM32\WINMM.dll
0x00007ffeaae10000 - 0x00007ffeaae81000 	C:\Windows\System32\WS2_32.dll
0x00007ffea9380000 - 0x00007ffea9398000 	C:\Windows\SYSTEM32\kernel.appcore.dll
0x00007ffe89e40000 - 0x00007ffe89e50000 	C:\Program Files\Java\jre1.8.0_431\bin\verify.dll
0x00007ffe5fd50000 - 0x00007ffe5fd7b000 	C:\Program Files\Java\jre1.8.0_431\bin\java.dll
0x00007ffe5f2e0000 - 0x00007ffe5f2f8000 	C:\Program Files\Java\jre1.8.0_431\bin\zip.dll
0x00007ffeab130000 - 0x00007ffeab999000 	C:\Windows\System32\SHELL32.dll
0x00007ffea81b0000 - 0x00007ffea8aaf000 	C:\Windows\SYSTEM32\windows.storage.dll
0x00007ffeac3b0000 - 0x00007ffeac73e000 	C:\Windows\System32\combase.dll
0x00007ffea8070000 - 0x00007ffea81af000 	C:\Windows\SYSTEM32\wintypes.dll
0x00007ffeac740000 - 0x00007ffeac839000 	C:\Windows\System32\SHCORE.dll
0x00007ffeaafa0000 - 0x00007ffeaaffe000 	C:\Windows\System32\shlwapi.dll
0x00007ffeaa1b0000 - 0x00007ffeaa1d7000 	C:\Windows\SYSTEM32\profapi.dll
0x00007ffe5e770000 - 0x00007ffe5e8ee000 	C:\Program Files\Java\jre1.8.0_431\bin\awt.dll
0x00007ffeabe60000 - 0x00007ffeabf37000 	C:\Windows\System32\OLEAUT32.dll
0x00007ffea5900000 - 0x00007ffea5997000 	C:\Windows\SYSTEM32\apphelp.dll
0x00007ffea7470000 - 0x00007ffea749b000 	C:\Windows\system32\DWMAPI.DLL
0x00007ffea71e0000 - 0x00007ffea7291000 	C:\Windows\system32\uxtheme.dll
0x00007ffe4a880000 - 0x00007ffe4a980000 	C:\Windows\system32\opengl32.dll
0x00007ffe492e0000 - 0x00007ffe4930d000 	C:\Windows\SYSTEM32\GLU32.dll
0x00007ffea74e0000 - 0x00007ffea7517000 	C:\Windows\SYSTEM32\dxcore.dll
0x00007ffeaccc0000 - 0x00007ffeace20000 	C:\Windows\System32\MSCTF.dll
0x00007ffeaba50000 - 0x00007ffeabbf5000 	C:\Windows\System32\ole32.dll
0x00007ffeaa7b0000 - 0x00007ffeaa82b000 	C:\Windows\System32\bcryptPrimitives.dll
0x00007ffe4d400000 - 0x00007ffe4d5a8000 	C:\Windows\system32\d3d9.dll
0x00007ffea0430000 - 0x00007ffea04f4000 	C:\Windows\System32\DriverStore\FileRepository\nv_dispi.inf_amd64_ab3196e1830c9b6c\nvldumdx.dll
0x00007ffea9b80000 - 0x00007ffea9b92000 	C:\Windows\SYSTEM32\msasn1.dll
0x00007ffea13c0000 - 0x00007ffea13f2000 	C:\Windows\SYSTEM32\cryptnet.dll
0x00007ffeaa830000 - 0x00007ffeaa996000 	C:\Windows\System32\CRYPT32.dll
0x00007ffea9b10000 - 0x00007ffea9b1c000 	C:\Windows\SYSTEM32\cryptbase.dll
0x00007ffea9a60000 - 0x00007ffea9aa9000 	C:\Windows\SYSTEM32\wldp.dll
0x00007ffea1250000 - 0x00007ffea13b2000 	C:\Windows\SYSTEM32\drvstore.dll
0x00007ffea9f40000 - 0x00007ffea9f6c000 	C:\Windows\SYSTEM32\devobj.dll
0x00007ffea9f70000 - 0x00007ffea9fbe000 	C:\Windows\SYSTEM32\cfgmgr32.dll
0x00007ffeaa320000 - 0x00007ffeaa38c000 	C:\Windows\System32\wintrust.dll
0x00007ffeabcd0000 - 0x00007ffeabcef000 	C:\Windows\System32\imagehlp.dll
0x00007ffea9b30000 - 0x00007ffea9b4b000 	C:\Windows\SYSTEM32\CRYPTSP.dll
0x00007ffea92e0000 - 0x00007ffea9315000 	C:\Windows\system32\rsaenh.dll
0x00007ffe97c20000 - 0x00007ffe9a930000 	C:\Windows\System32\DriverStore\FileRepository\nv_dispi.inf_amd64_ab3196e1830c9b6c\nvgpucomp64.dll
0x00007ffe59b50000 - 0x00007ffe5b8dc000 	C:\Windows\System32\DriverStore\FileRepository\nv_dispi.inf_amd64_ab3196e1830c9b6c\nvd3dumx.dll
0x00007ffea3550000 - 0x00007ffea3599000 	C:\Windows\SYSTEM32\directxdatabasehelper.dll
0x00007ffe68e40000 - 0x00007ffe69110000 	C:\Windows\system32\nvspcap64.dll
0x00007ffea9490000 - 0x00007ffea94c4000 	C:\Windows\SYSTEM32\ntmarta.dll
0x00007ffea9850000 - 0x00007ffea9876000 	C:\Windows\SYSTEM32\gpapi.dll
0x00007ffe4cdd0000 - 0x00007ffe4cf25000 	C:\Windows\System32\DriverStore\FileRepository\nv_dispi.inf_amd64_ab3196e1830c9b6c\nvppex.dll
0x00007ffe5f2c0000 - 0x00007ffe5f2dc000 	C:\Program Files\Java\jre1.8.0_431\bin\net.dll
0x00007ffea97e0000 - 0x00007ffea9849000 	C:\Windows\system32\mswsock.dll
0x00007ffe5f2a0000 - 0x00007ffe5f2b3000 	C:\Program Files\Java\jre1.8.0_431\bin\nio.dll
0x00007ffea9880000 - 0x00007ffea98a8000 	C:\Windows\SYSTEM32\USERENV.dll
0x00007ffea8dc0000 - 0x00007ffea8ded000 	C:\Windows\SYSTEM32\IPHLPAPI.DLL
0x00007ffeaad80000 - 0x00007ffeaad89000 	C:\Windows\System32\NSI.dll
0x00007ffea60c0000 - 0x00007ffea60d9000 	C:\Windows\SYSTEM32\dhcpcsvc6.DLL
0x00007ffea5f30000 - 0x00007ffea5f4f000 	C:\Windows\SYSTEM32\dhcpcsvc.DLL
0x00007ffea8df0000 - 0x00007ffea8ef2000 	C:\Windows\SYSTEM32\DNSAPI.dll
0x0000000180000000 - 0x0000000180037000 	C:\Users\Windows\AppData\Local\Temp\jna5045166160934956942.dll
0x00007ffe5e720000 - 0x00007ffe5e76f000 	C:\Program Files\Java\jre1.8.0_431\bin\fontmanager.dll
0x00007ffea0660000 - 0x00007ffea071d000 	C:\Windows\SYSTEM32\mscms.dll
0x00007ffe8a050000 - 0x00007ffe8a09a000 	C:\Windows\SYSTEM32\icm32.dll
0x00007ffe5f250000 - 0x00007ffe5f293000 	C:\Program Files\Java\jre1.8.0_431\bin\t2k.dll
0x00007ffea1600000 - 0x00007ffea1743000 	C:\Windows\SYSTEM32\textinputframework.dll
0x00007ffe9dc00000 - 0x00007ffe9dc69000 	C:\Windows\system32\Oleacc.dll
0x00007ffeabdb0000 - 0x00007ffeabe60000 	C:\Windows\System32\clbcatq.dll
0x00007ffe89cd0000 - 0x00007ffe89d1b000 	C:\Windows\system32\ApplicationTargetedFeatureDatabase.dll
0x00007ffea5ac0000 - 0x00007ffea5d62000 	C:\Windows\System32\twinapi.appcore.dll
0x00007ffe82770000 - 0x00007ffe8279a000 	C:\Program Files\Java\jre1.8.0_431\bin\dcpr.dll
0x00007ffea5520000 - 0x00007ffea5653000 	C:\Windows\SYSTEM32\CoreMessaging.dll
0x00007ffea31e0000 - 0x00007ffea354d000 	C:\Windows\SYSTEM32\CoreUIComponents.dll
0x00007ffea6fe0000 - 0x00007ffea7191000 	C:\Windows\SYSTEM32\WindowsCodecs.dll
0x00007ffe735e0000 - 0x00007ffe7363e000 	C:\Windows\system32\dataexchange.dll
0x00007ffea7ab0000 - 0x00007ffea7ce2000 	C:\Windows\SYSTEM32\dbghelp.dll

VM Arguments:
jvm_args: -Xmx1228m 
java_command: C:\Users\Windows\Documents\SHIMEJI CUSTOMIZATION\Build 5\new build Shimeji\shimejieesrc\target\Shimeji-ee_1.0.9_Mischievous\.\Shimeji-ee.jar -Djava.util.logging.config.file=./logging.properties
java_class_path (initial): C:\Users\Windows\Documents\SHIMEJI CUSTOMIZATION\Build 5\new build Shimeji\shimejieesrc\target\Shimeji-ee_1.0.9_Mischievous\.\Shimeji-ee.jar
Launcher Type: SUN_STANDARD

Environment Variables:
JAVA_HOME=C:\Program Files\Java\jdk-23
JRE_HOME=C:\Program Files\Java\jre1.8.0_421
PATH=C:\Program Files\Common Files\Oracle\Java\javapath;C:\Program Files (x86)\Common Files\Oracle\Java\java8path;C:\Program Files (x86)\Common Files\Oracle\Java\javapath;C:\Program Files (x86)\Common Files\Intel\Shared Libraries\redist\intel64_win\compiler;C:\ProgramData\Oracle\Java\javapath;C:\Program Files (x86)\Common Files\Intel\Shared Libraries\redist\intel64\compiler;C:\Windows\system32;C:\Windows;C:\Windows\System32\Wbem;C:\Windows\System32\WindowsPowerShell\v1.0\;C:\Windows\System32\OpenSSH\;C:\Program Files (x86)\NVIDIA Corporation\PhysX\Common;C:\Windows\system32;C:\Windows;C:\Windows\System32\Wbem;C:\Windows\System32\WindowsPowerShell\v1.0\;C:\Windows\System32\OpenSSH\;C:\Program Files\dotnet\;C:\Program Files\Common Files\Autodesk Shared\;C:\Program Files\Microsoft SQL Server\120\Tools\Binn\;C:\Program Files (x86)\dotnet\;C:\Program Files\NVIDIA Corporation\NVIDIA NvDLISR;C:\Users\Windows\AppData\Local\Microsoft\WindowsApps;C:\adb;C:\Program Files\Microsoft SQL Server\150\Tools\Binn\;C:\Program Files\Microsoft SQL Server\130\Tools\Binn\;C:\Program Files\Microsoft SQL Server\Client SDK\ODBC\170\Tools\Binn\;C:\Program Files (x86)\IncrediBuild;C:\Users\Windows\AppData\Local\Microsoft\WindowsApps;C:\Users\Windows\.dotnet\tools;C:\Users\Windows\AppData\Local\Programs\Microsoft VS Code\bin;C:\apache-ant-1.10.14\bin;;C:\Program Files\Java\jre1.8.0_431\bin
USERNAME=Windows
OS=Windows_NT
PROCESSOR_IDENTIFIER=Intel64 Family 6 Model 167 Stepping 1, GenuineIntel



---------------  S Y S T E M  ---------------

OS: Windows 11 , 64 bit Build 22621 (10.0.22621.3958)

CPU:total 16 (initial active 16) (8 cores per cpu, 2 threads per core) family 6 model 167 stepping 1, cmov, cx8, fxsr, mmx, sse, sse2, sse3, ssse3, sse4.1, sse4.2, popcnt, avx, avx2, aes, clmul, erms, 3dnowpref, lzcnt, ht, tsc, tscinvbit, bmi1, bmi2, adx

Memory: 4k page, physical 16638888k(8042196k free), swap 31318952k(19507680k free)

vm_info: Java HotSpot(TM) 64-Bit Server VM (25.431-b10) for windows-amd64 JRE (1.8.0_431-b10), built on Sep 30 2024 08:11:54 by "java_re" with MS VC++ 17.6 (VS2022)

time: Tue Oct 29 19:18:37 2024
timezone: China Standard Time
elapsed time: 20.943212 seconds (0d 0h 0m 20s)

