#
# A fatal error has been detected by the Java Runtime Environment:
#
#  EXCEPTION_ACCESS_VIOLATION (0xc0000005) at pc=0x00007ffa403b60d3, pid=6108, tid=0x0000000000004898
#
# JRE version: Java(TM) SE Runtime Environment (8.0_431) (build 1.8.0_431-b10)
# Java VM: Java HotSpot(TM) 64-Bit Server VM (25.431-b10 mixed mode windows-amd64 compressed oops)
# Problematic frame:
# V  [jvm.dll+0x1660d3]
#
# Failed to write core dump. Minidumps are not enabled by default on client versions of Windows
#
# If you would like to submit a bug report, please visit:
#   http://bugreport.java.com/bugreport/crash.jsp
#

---------------  T H R E A D  ---------------

Current thread (0x00000272dc421800):  JavaThread "Thread-7" [_thread_in_vm, id=18584, stack(0x000000ffdea00000,0x000000ffdeb00000)]

siginfo: ExceptionCode=0xc0000005, reading address 0x0000000000000000

Registers:
RAX=0x0000000000000000, RBX=0x00000272dc421800, RCX=0x0000000000000180, RDX=0x00000272dc909980
RSP=0x000000ffdeafec10, RBP=0x000000ffdeafed30, RSI=0x00000272dc909980, RDI=0x0000000000000000
R8 =0x0000000000000000, R9 =0x0000000000000010, R10=0x00000000000000b8, R11=0x00007ffa40a71c3c
R12=0x0000000000000000, R13=0x00000000b39ebcf0, R14=0x0000000000000000, R15=0x00000272dc421800
RIP=0x00007ffa403b60d3, EFLAGS=0x0000000000010246

Top of Stack: (sp=0x000000ffdeafec10)
0x000000ffdeafec10:   00000000b3c1b978 0000000000000000
0x000000ffdeafec20:   0000000000000000 000000ffdeafed30
0x000000ffdeafec30:   0000000000000000 0000000180001419
0x000000ffdeafec40:   000000ffdeafed30 0000000000000000
0x000000ffdeafec50:   00000000b3c1b978 00000000b3940cb0
0x000000ffdeafec60:   00000272dc421800 0000000180002410
0x000000ffdeafec70:   00000000b3940cb0 00000001800012f8
0x000000ffdeafec80:   00000272d8793ce8 00000000e9d6baf8
0x000000ffdeafec90:   0000000000000001 00000272c6d3e17b
0x000000ffdeafeca0:   000000ffdeafeda0 00000272c61b0970
0x000000ffdeafecb0:   00000272c6218460 00000272c61b0970
0x000000ffdeafecc0:   00000000e9d6bfe0 0000000180002410
0x000000ffdeafecd0:   00000000b3940cb0 00000001800012c2
0x000000ffdeafece0:   0000000000000000 0000000180002410
0x000000ffdeafecf0:   00000000b3940cb0 0000000180001289
0x000000ffdeafed00:   00000000b3940cb0 0000000000000000 

Instructions: (pc=0x00007ffa403b60d3)
0x00007ffa403b60b3:   85 f6 0f 84 87 00 00 00 40 32 ff 48 89 6c 24 30
0x00007ffa403b60c3:   41 f6 c6 01 74 0a 49 8b ce e8 4f 53 0b 00 eb 03
0x00007ffa403b60d3:   49 8b 06 48 8b c8 e8 e2 a4 f0 ff 48 8b e8 48 85
0x00007ffa403b60e3:   c0 74 57 40 f6 c6 01 74 0a 48 8b ce e8 2c 53 0b 


Register to memory mapping:

RAX=0x0000000000000000 is an unknown value
RBX=0x00000272dc421800 is a thread
RCX=0x0000000000000180 is an unknown value
RDX=0x00000272dc909980 is an unknown value
RSP=0x000000ffdeafec10 is pointing into the stack for thread: 0x00000272dc421800
RBP=0x000000ffdeafed30 is pointing into the stack for thread: 0x00000272dc421800
RSI=0x00000272dc909980 is an unknown value
RDI=0x0000000000000000 is an unknown value
R8 =0x0000000000000000 is an unknown value
R9 =0x0000000000000010 is an unknown value
R10=0x00000000000000b8 is an unknown value
R11=0x00007ffa40a71c3c is an unknown value
R12=0x0000000000000000 is an unknown value
R13=0x00000000b39ebcf0 is an oop
java.lang.Class 
 - klass: 'java/lang/Class'
 - ---- fields (total size 13 words):
 - private volatile transient strict 'cachedConstructor' 'Ljava/lang/reflect/Constructor;' @12  NULL (0 0)
 - private volatile transient strict 'newInstanceCallerCache' 'Ljava/lang/Class;' @16  NULL (0 0)
 - private transient 'name' 'Ljava/lang/String;' @20  NULL (0 0)
 - private final 'classLoader' 'Ljava/lang/ClassLoader;' @24  NULL (0 0)
 - private volatile transient strict 'reflectionData' 'Ljava/lang/ref/SoftReference;' @28  NULL (0 0)
 - private volatile transient 'genericInfo' 'Lsun/reflect/generics/repository/ClassRepository;' @32  NULL (0 0)
 - private volatile transient strict 'enumConstants' '[Ljava/lang/Object;' @36  NULL (0 0)
 - private volatile transient strict 'enumConstantDirectory' 'Ljava/util/Map;' @40  NULL (0 0)
 - private volatile transient 'annotationData' 'Ljava/lang/Class$AnnotationData;' @44  NULL (0 0)
 - private volatile transient 'annotationType' 'Lsun/reflect/annotation/AnnotationType;' @48  NULL (0 0)
 - transient 'classValueMap' 'Ljava/lang/ClassValue$ClassValueMap;' @52  NULL (0 0)
 - private volatile transient 'classRedefinedCount' 'I' @88  0
 - signature: [Ljava/lang/String;
 - fake entry for mirror: 
 - fake entry for array: 
 - fake entry for oop_size: 13
 - fake entry for static_oop_field_count: 0
R14=0x0000000000000000 is an unknown value
R15=0x00000272dc421800 is a thread


Stack: [0x000000ffdea00000,0x000000ffdeb00000],  sp=0x000000ffdeafec10,  free space=1019k
Native frames: (J=compiled Java code, j=interpreted, Vv=VM code, C=native code)
V  [jvm.dll+0x1660d3]
C  [jna2066313289084186336.dll+0x1419]
C  [jna2066313289084186336.dll+0x2457]
C