Oct 29, 2024 7:30:02 PM INFO: com.group_finity.mascot.behavior.UserBehavior init Default Behavior(mascot1,Behavior(ClimbAlongWall))
Oct 29, 2024 7:31:00 PM INFO: com.group_finity.mascot.behavior.UserBehavior next Completed Behavior (mascot1,Behavior(ClimbAlongWall))
Oct 29, 2024 7:31:00 PM INFO: com.group_finity.mascot.behavior.UserBehavior init Default Behavior(mascot1,Behavior(HoldOntoCeiling))
Oct 29, 2024 7:31:25 PM INFO: com.group_finity.mascot.behavior.UserBehavior next Completed Behavior (mascot1,Behavior(HoldOntoCeiling))
Oct 29, 2024 7:31:25 PM INFO: com.group_finity.mascot.behavior.UserBehavior init Default Behavior(mascot1,Behavior(HoldOntoCeiling))
Oct 29, 2024 7:32:24 PM INFO: com.group_finity.mascot.behavior.UserBehavior next Completed Behavior (mascot1,Behavior(HoldOntoCeiling))
Oct 29, 2024 7:32:24 PM INFO: com.group_finity.mascot.behavior.UserBehavior init Default Behavior(mascot1,Behavior(ClimbAlongCeiling))
Oct 29, 2024 7:34:12 PM INFO: com.group_finity.mascot.behavior.UserBehavior next Completed Behavior (mascot1,Behavior(ClimbAlongCeiling))
Oct 29, 2024 7:34:12 PM INFO: com.group_finity.mascot.behavior.UserBehavior init Default Behavior(mascot1,Behavior(HoldOntoCeiling))
Oct 29, 2024 7:35:01 PM INFO: com.group_finity.mascot.behavior.UserBehavior next Completed Behavior (mascot1,Behavior(HoldOntoCeiling))
Oct 29, 2024 7:35:01 PM INFO: com.group_finity.mascot.behavior.UserBehavior init Default Behavior(mascot1,Behavior(HoldOntoCeiling))
Oct 29, 2024 7:35:25 PM INFO: com.group_finity.mascot.behavior.UserBehavior next Completed Behavior (mascot1,Behavior(HoldOntoCeiling))
Oct 29, 2024 7:35:25 PM INFO: com.group_finity.mascot.behavior.UserBehavior init Default Behavior(mascot1,Behavior(FallFromCeiling))
Oct 29, 2024 7:35:25 PM INFO: com.group_finity.mascot.action.Stay tick Lost Ground (mascot1,Action (Stay,Stand))
Oct 29, 2024 7:35:25 PM INFO: com.group_finity.mascot.behavior.UserBehavior next Lost Ground (mascot1,Behavior(FallFromCeiling))
Oct 29, 2024 7:35:25 PM INFO: com.group_finity.mascot.behavior.UserBehavior init Default Behavior(mascot1,Behavior(Fall))
Oct 29, 2024 7:35:32 PM INFO: com.group_finity.mascot.behavior.UserBehavior next Completed Behavior (mascot1,Behavior(Fall))
Oct 29, 2024 7:35:32 PM INFO: com.group_finity.mascot.behavior.UserBehavior init Default Behavior(mascot1,Behavior(WalkAlongWorkAreaFloor))
Oct 29, 2024 7:36:05 PM INFO: com.group_finity.mascot.behavior.UserBehavior next Completed Behavior (mascot1,Behavior(WalkAlongWorkAreaFloor))
Oct 29, 2024 7:36:05 PM INFO: com.group_finity.mascot.behavior.UserBehavior init Default Behavior(mascot1,Behavior(WalkAndGrabBottomLeftWall))
Oct 29, 2024 7:36:10 PM INFO: com.group_finity.mascot.behavior.UserBehavior next Completed Behavior (mascot1,Behavior(WalkAndGrabBottomLeftWall))
Oct 29, 2024 7:36:10 PM INFO: com.group_finity.mascot.behavior.UserBehavior init Default Behavior(mascot1,Behavior(HoldOntoWall))
Oct 29, 2024 7:37:01 PM INFO: com.group_finity.mascot.behavior.UserBehavior next Completed Behavior (mascot1,Behavior(HoldOntoWall))
Oct 29, 2024 7:37:01 PM INFO: com.group_finity.mascot.behavior.UserBehavior init Default Behavior(mascot1,Behavior(HoldOntoWall))
Oct 29, 2024 7:37:27 PM INFO: com.group_finity.mascot.behavior.UserBehavior next Completed Behavior (mascot1,Behavior(HoldOntoWall))
Oct 29, 2024 7:37:27 PM INFO: com.group_finity.mascot.behavior.UserBehavior init Default Behavior(mascot1,Behavior(ClimbHalfwayAlongWall))
Oct 29, 2024 7:38:14 PM INFO: com.group_finity.mascot.behavior.UserBehavior next Completed Behavior (mascot1,Behavior(ClimbHalfwayAlongWall))
Oct 29, 2024 7:38:14 PM INFO: com.group_finity.mascot.behavior.UserBehavior init Default Behavior(mascot1,Behavior(ClimbAlongWall))
Oct 29, 2024 7:38:27 PM INFO: com.group_finity.mascot.behavior.UserBehavior next Completed Behavior (mascot1,Behavior(ClimbAlongWall))
Oct 29, 2024 7:38:27 PM INFO: com.group_finity.mascot.behavior.UserBehavior init Default Behavior(mascot1,Behavior(HoldOntoCeiling))
Oct 29, 2024 7:38:48 PM INFO: com.group_finity.mascot.behavior.UserBehavior next Completed Behavior (mascot1,Behavior(HoldOntoCeiling))
Oct 29, 2024 7:38:48 PM INFO: com.group_finity.mascot.behavior.UserBehavior init Default Behavior(mascot1,Behavior(ClimbAlongCeiling))
Oct 29, 2024 7:39:34 PM INFO: com.group_finity.mascot.behavior.UserBehavior next Completed Behavior (mascot1,Behavior(ClimbAlongCeiling))
Oct 29, 2024 7:39:34 PM INFO: com.group_finity.mascot.behavior.UserBehavior init Default Behavior(mascot1,Behavior(HoldOntoCeiling))
Oct 29, 2024 7:40:09 PM INFO: com.group_finity.mascot.behavior.UserBehavior next Completed Behavior (mascot1,Behavior(HoldOntoCeiling))
Oct 29, 2024 7:40:09 PM INFO: com.group_finity.mascot.behavior.UserBehavior init Default Behavior(mascot1,Behavior(ClimbAlongCeiling))
Oct 29, 2024 7:40:57 PM INFO: com.group_finity.mascot.behavior.UserBehavior next Completed Behavior (mascot1,Behavior(ClimbAlongCeiling))
Oct 29, 2024 7:40:57 PM INFO: com.group_finity.mascot.behavior.UserBehavior init Default Behavior(mascot1,Behavior(HoldOntoCeiling))
Oct 29, 2024 7:41:17 PM INFO: com.group_finity.mascot.behavior.UserBehavior next Completed Behavior (mascot1,Behavior(HoldOntoCeiling))
Oct 29, 2024 7:41:17 PM INFO: com.group_finity.mascot.behavior.UserBehavior init Default Behavior(mascot1,Behavior(HoldOntoCeiling))
Oct 29, 2024 7:41:51 PM INFO: com.group_finity.mascot.behavior.UserBehavior next Completed Behavior (mascot1,Behavior(HoldOntoCeiling))
Oct 29, 2024 7:41:51 PM INFO: com.group_finity.mascot.behavior.UserBehavior init Default Behavior(mascot1,Behavior(ClimbAlongCeiling))
Oct 29, 2024 7:42:42 PM INFO: com.group_finity.mascot.behavior.UserBehavior next Completed Behavior (mascot1,Behavior(ClimbAlongCeiling))
Oct 29, 2024 7:42:42 PM INFO: com.group_finity.mascot.behavior.UserBehavior init Default Behavior(mascot1,Behavior(ClimbAlongCeiling))
Oct 29, 2024 7:43:02 PM INFO: com.group_finity.mascot.behavior.UserBehavior next Completed Behavior (mascot1,Behavior(ClimbAlongCeiling))
Oct 29, 2024 7:43:02 PM INFO: com.group_finity.mascot.behavior.UserBehavior init Default Behavior(mascot1,Behavior(HoldOntoCeiling))
Oct 29, 2024 7:43:57 PM INFO: com.group_finity.mascot.Mascot dispose destroy mascot (mascot1)
